Using pre-set license
Built from '2020.3/staging' branch; Version is '2020.3.21f1 (a38c86f6690f) revision 10718342'; Using compiler version '192528614'; Build Type 'Release'
OS: 'Windows 10 Pro; OS build 19044.1766; Version 2009; 64bit' Language: 'en' Physical Memory: 16268 MB
BatchMode: 1, IsHumanControllingUs: 0, StartBugReporterOnCrash: 0, Is64bit: 1, IsPro: 0

COMMAND LINE ARGUMENTS:
C:\Program Files\Unity\Hub\Editor\2020.3.21f1\Editor\Unity.exe
-adb2
-batchMode
-noUpm
-name
AssetImportWorker0
-projectPath
C:/Unity Projects/P2M-2022-Unity
-logFile
Logs/AssetImportWorker0.log
-srvPort
56226
Successfully changed project path to: C:/Unity Projects/P2M-2022-Unity
C:/Unity Projects/P2M-2022-Unity
Using Asset Import Pipeline V2.
Refreshing native plugins compatible for Editor in 81.06 ms, found 2 plugins.
Preloading 0 native plugins for Editor in 0.00 ms.
Initialize engine version: 2020.3.21f1 (a38c86f6690f)
[Subsystems] Discovering subsystems at path C:/Program Files/Unity/Hub/Editor/2020.3.21f1/Editor/Data/Resources/UnitySubsystems
[Subsystems] Discovering subsystems at path C:/Unity Projects/P2M-2022-Unity/Assets
GfxDevice: creating device client; threaded=0
Direct3D:
    Version:  Direct3D 11.0 [level 11.1]
    Renderer: NVIDIA GeForce GTX 1050 (ID=0x1c8d)
    Vendor:   
    VRAM:     4021 MB
    Driver:   27.21.14.5751
Initialize mono
Mono path[0] = 'C:/Program Files/Unity/Hub/Editor/2020.3.21f1/Editor/Data/Managed'
Mono path[1] = 'C:/Program Files/Unity/Hub/Editor/2020.3.21f1/Editor/Data/MonoBleedingEdge/lib/mono/unityjit'
Mono config path = 'C:/Program Files/Unity/Hub/Editor/2020.3.21f1/Editor/Data/MonoBleedingEdge/etc'
Using monoOptions --debugger-agent=transport=dt_socket,embedding=1,server=y,suspend=n,address=127.0.0.1:56056
Begin MonoManager ReloadAssembly
Registering precompiled unity dll's ...
Register platform support module: C:/Program Files/Unity/Hub/Editor/2020.3.21f1/Editor/Data/PlaybackEngines/WindowsStandaloneSupport/UnityEditor.WindowsStandalone.Extensions.dll
Registered in 0.006888 seconds.
Native extension for WindowsStandalone target not found
Refreshing native plugins compatible for Editor in 59.72 ms, found 2 plugins.
Preloading 0 native plugins for Editor in 0.00 ms.
Mono: successfully reloaded assembly
- Completed reload, in  2.110 seconds
Domain Reload Profiling:
	ReloadAssembly (2110ms)
		BeginReloadAssembly (81ms)
			ExecutionOrderSort (0ms)
			DisableScriptedObjects (0ms)
			BackupInstance (0ms)
			ReleaseScriptingObjects (0ms)
			CreateAndSetChildDomain (1ms)
		EndReloadAssembly (817ms)
			LoadAssemblies (77ms)
			RebuildTransferFunctionScriptingTraits (0ms)
			SetupTypeCache (266ms)
			ReleaseScriptCaches (0ms)
			RebuildScriptCaches (49ms)
			SetupLoadedEditorAssemblies (283ms)
				LogAssemblyErrors (0ms)
				InitializePlatformSupportModulesInManaged (10ms)
				SetLoadedEditorAssemblies (0ms)
				RefreshPlugins (60ms)
				BeforeProcessingInitializeOnLoad (21ms)
				ProcessInitializeOnLoadAttributes (140ms)
				ProcessInitializeOnLoadMethodAttributes (50ms)
				AfterProcessingInitializeOnLoad (0ms)
				EditorAssembliesLoaded (0ms)
			ExecutionOrderSort2 (0ms)
			AwakeInstancesAfterBackupRestoration (0ms)
Platform modules already initialized, skipping
Registering precompiled user dll's ...
Registered in 0.010160 seconds.
Begin MonoManager ReloadAssembly
Native extension for WindowsStandalone target not found
Refreshing native plugins compatible for Editor in 0.39 ms, found 2 plugins.
Preloading 0 native plugins for Editor in 0.00 ms.
Mono: successfully reloaded assembly
- Completed reload, in  2.094 seconds
Domain Reload Profiling:
	ReloadAssembly (2095ms)
		BeginReloadAssembly (292ms)
			ExecutionOrderSort (0ms)
			DisableScriptedObjects (13ms)
			BackupInstance (0ms)
			ReleaseScriptingObjects (0ms)
			CreateAndSetChildDomain (30ms)
		EndReloadAssembly (1630ms)
			LoadAssemblies (152ms)
			RebuildTransferFunctionScriptingTraits (0ms)
			SetupTypeCache (577ms)
			ReleaseScriptCaches (0ms)
			RebuildScriptCaches (125ms)
			SetupLoadedEditorAssemblies (535ms)
				LogAssemblyErrors (0ms)
				InitializePlatformSupportModulesInManaged (8ms)
				SetLoadedEditorAssemblies (1ms)
				RefreshPlugins (0ms)
				BeforeProcessingInitializeOnLoad (157ms)
				ProcessInitializeOnLoadAttributes (342ms)
				ProcessInitializeOnLoadMethodAttributes (15ms)
				AfterProcessingInitializeOnLoad (12ms)
				EditorAssembliesLoaded (0ms)
			ExecutionOrderSort2 (0ms)
			AwakeInstancesAfterBackupRestoration (9ms)
Platform modules already initialized, skipping
========================================================================
Worker process is ready to serve import requests
Launched and connected shader compiler UnityShaderCompiler.exe after 0.11 seconds
Refreshing native plugins compatible for Editor in 0.37 ms, found 2 plugins.
Preloading 0 native plugins for Editor in 0.00 ms.
Unloading 1508 Unused Serialized files (Serialized files now loaded: 0)
System memory in use before: 87.3 MB.
System memory in use after: 87.4 MB.

Unloading 19 unused Assets to reduce memory usage. Loaded Objects now: 1961.
Total: 3.196400 ms (FindLiveObjects: 0.170700 ms CreateObjectMapping: 0.069700 ms MarkObjects: 2.849000 ms  DeleteObjects: 0.106000 ms)

AssetImportParameters requested are different than current active one (requested -> active):
  custom:framework-win-MediaFoundation: 216162199b28c13a410421893ffa2e32 -> 
  custom:video-decoder-ogg-theora: a1e56fd34408186e4bbccfd4996cb3dc -> 
  custom:container-muxer-webm: aa71ff27fc2769a1b78a27578f13a17b -> 
  custom:container-demuxer-webm: 4f35f7cbe854078d1ac9338744f61a02 -> 
  custom:container-demuxer-ogg: 62fdf1f143b41e24485cea50d1cbac27 -> 
  custom:video-encoder-webm-vp8: eb34c28f22e8b96e1ab97ce403110664 -> 
  custom:video-decoder-webm-vp8: 9c59270c3fd7afecdb556c50c9e8de78 -> 
  custom:audio-decoder-ogg-vorbis: bf7c407c2cedff20999df2af8eb42d56 -> 
  custom:audio-encoder-webm-vorbis: bf7c407c2cedff20999df2af8eb42d56 -> 
========================================================================
Received Import Request.
  path: Assets/Scenes/TutorialScene.unity
  artifactKey: Guid(e2dc698b8d17ed4418a0d3f72c29592f) Importer(815301076,1909f56bfc062723c751e8b465ee728b)
Start importing Assets/Scenes/TutorialScene.unity using Guid(e2dc698b8d17ed4418a0d3f72c29592f) Importer(815301076,1909f56bfc062723c751e8b465ee728b)  -> (artifact id: 'a37e8b8c463e7112daab3431b70df190') in 0.038762 seconds 
  Import took 0.046718 seconds .

========================================================================
Received Prepare
Registering precompiled user dll's ...
Registered in 0.125495 seconds.
Begin MonoManager ReloadAssembly
Native extension for WindowsStandalone target not found
Refreshing native plugins compatible for Editor in 2.61 ms, found 2 plugins.
Preloading 0 native plugins for Editor in 0.00 ms.
Mono: successfully reloaded assembly
- Completed reload, in  8.957 seconds
Domain Reload Profiling:
	ReloadAssembly (8958ms)
		BeginReloadAssembly (477ms)
			ExecutionOrderSort (0ms)
			DisableScriptedObjects (13ms)
			BackupInstance (0ms)
			ReleaseScriptingObjects (0ms)
			CreateAndSetChildDomain (85ms)
		EndReloadAssembly (8190ms)
			LoadAssemblies (553ms)
			RebuildTransferFunctionScriptingTraits (0ms)
			SetupTypeCache (3969ms)
			ReleaseScriptCaches (298ms)
			RebuildScriptCaches (439ms)
			SetupLoadedEditorAssemblies (1850ms)
				LogAssemblyErrors (0ms)
				InitializePlatformSupportModulesInManaged (20ms)
				SetLoadedEditorAssemblies (2ms)
				RefreshPlugins (3ms)
				BeforeProcessingInitializeOnLoad (738ms)
				ProcessInitializeOnLoadAttributes (989ms)
				ProcessInitializeOnLoadMethodAttributes (71ms)
				AfterProcessingInitializeOnLoad (27ms)
				EditorAssembliesLoaded (0ms)
			ExecutionOrderSort2 (0ms)
			AwakeInstancesAfterBackupRestoration (20ms)
Platform modules already initialized, skipping
Refreshing native plugins compatible for Editor in 2.56 ms, found 2 plugins.
Preloading 0 native plugins for Editor in 0.00 ms.
Unloading 1501 Unused Serialized files (Serialized files now loaded: 0)
System memory in use before: 87.2 MB.
System memory in use after: 87.3 MB.

Unloading 14 unused Assets to reduce memory usage. Loaded Objects now: 1963.
Total: 7.738700 ms (FindLiveObjects: 1.178500 ms CreateObjectMapping: 0.199800 ms MarkObjects: 6.315000 ms  DeleteObjects: 0.028100 ms)

AssetImportParameters requested are different than current active one (requested -> active):
  custom:framework-win-MediaFoundation: 216162199b28c13a410421893ffa2e32 -> 
  custom:video-decoder-ogg-theora: a1e56fd34408186e4bbccfd4996cb3dc -> 
  custom:container-muxer-webm: aa71ff27fc2769a1b78a27578f13a17b -> 
  custom:container-demuxer-webm: 4f35f7cbe854078d1ac9338744f61a02 -> 
  custom:container-demuxer-ogg: 62fdf1f143b41e24485cea50d1cbac27 -> 
  custom:video-encoder-webm-vp8: eb34c28f22e8b96e1ab97ce403110664 -> 
  custom:video-decoder-webm-vp8: 9c59270c3fd7afecdb556c50c9e8de78 -> 
  custom:audio-decoder-ogg-vorbis: bf7c407c2cedff20999df2af8eb42d56 -> 
  custom:audio-encoder-webm-vorbis: bf7c407c2cedff20999df2af8eb42d56 -> 
========================================================================
Received Import Request.
  Time since last request: 92.732796 seconds.
  path: Assets/UI/GameIcon.png
  artifactKey: Guid(8608a0ae5cc2ba64b9308d5eb465eb12) Importer(815301076,1909f56bfc062723c751e8b465ee728b)
Start importing Assets/UI/GameIcon.png using Guid(8608a0ae5cc2ba64b9308d5eb465eb12) Importer(815301076,1909f56bfc062723c751e8b465ee728b)  -> (artifact id: 'dab797a070a568df98b10a4dc8320311') in 0.171637 seconds 
  Import took 0.177630 seconds .

========================================================================
Received Import Request.
  Time since last request: 0.000231 seconds.
  path: Assets/UI/PauseBG.png
  artifactKey: Guid(afd2e46f0b011e94e9ae1509a05a28fa) Importer(815301076,1909f56bfc062723c751e8b465ee728b)
Start importing Assets/UI/PauseBG.png using Guid(afd2e46f0b011e94e9ae1509a05a28fa) Importer(815301076,1909f56bfc062723c751e8b465ee728b)  -> (artifact id: 'cffa2edd961de450f700c690b780de58') in 0.092545 seconds 
  Import took 0.095972 seconds .

========================================================================
Received Import Request.
  Time since last request: 0.000217 seconds.
  path: Assets/UI/SkipTurnButton.png
  artifactKey: Guid(ff28d04611d82b048b07305c26ce9682) Importer(815301076,1909f56bfc062723c751e8b465ee728b)
Start importing Assets/UI/SkipTurnButton.png using Guid(ff28d04611d82b048b07305c26ce9682) Importer(815301076,1909f56bfc062723c751e8b465ee728b)  -> (artifact id: '07776dfab92336e0f985d76a9b2adb5d') in 0.088491 seconds 
  Import took 0.096166 seconds .

========================================================================
Received Import Request.
  Time since last request: 1.663328 seconds.
  path: Assets/UI/Stats
  artifactKey: Guid(5ef6196c73b67da43822efd1c04f3ffb) Importer(815301076,1909f56bfc062723c751e8b465ee728b)
Start importing Assets/UI/Stats using Guid(5ef6196c73b67da43822efd1c04f3ffb) Importer(815301076,1909f56bfc062723c751e8b465ee728b)  -> (artifact id: '2d9d27ae3d38304c494b452004982bcb') in 0.040055 seconds 
  Import took 0.057511 seconds .

========================================================================
Received Import Request.
  Time since last request: 0.025729 seconds.
  path: Assets/UI/Stats/Turn.png
  artifactKey: Guid(dcec656a2b50b044c99d06b5e65bed17) Importer(815301076,1909f56bfc062723c751e8b465ee728b)
Start importing Assets/UI/Stats/Turn.png using Guid(dcec656a2b50b044c99d06b5e65bed17) Importer(815301076,1909f56bfc062723c751e8b465ee728b)  -> (artifact id: 'db1c4f0d07820b03e1d34c447d2f1ef9') in 0.059566 seconds 
  Import took 0.067250 seconds .

========================================================================
Received Import Request.
  Time since last request: 1.430547 seconds.
  path: Assets/UI/Policies
  artifactKey: Guid(5401ccb4a56875644a0d4ca6acd97ea5) Importer(815301076,1909f56bfc062723c751e8b465ee728b)
Start importing Assets/UI/Policies using Guid(5401ccb4a56875644a0d4ca6acd97ea5) Importer(815301076,1909f56bfc062723c751e8b465ee728b)  -> (artifact id: '096de2cbec84c222d11741e72f82a3ed') in 0.052487 seconds 
  Import took 0.056636 seconds .

========================================================================
Received Import Request.
  Time since last request: 0.000221 seconds.
  path: Assets/UI/Policies/PolicyHover.png
  artifactKey: Guid(3b5554adf8d6ba543bc09d34caccbd95) Importer(815301076,1909f56bfc062723c751e8b465ee728b)
Start importing Assets/UI/Policies/PolicyHover.png using Guid(3b5554adf8d6ba543bc09d34caccbd95) Importer(815301076,1909f56bfc062723c751e8b465ee728b)  -> (artifact id: 'a23c4ac591a2338776c37f9e26da85ca') in 0.069509 seconds 
  Import took 0.077117 seconds .

========================================================================
Received Import Request.
  Time since last request: 1.935581 seconds.
  path: Assets/UI/Cursors
  artifactKey: Guid(7cdf0f651495d1547a7242d6baf3444a) Importer(815301076,1909f56bfc062723c751e8b465ee728b)
Start importing Assets/UI/Cursors using Guid(7cdf0f651495d1547a7242d6baf3444a) Importer(815301076,1909f56bfc062723c751e8b465ee728b)  -> (artifact id: 'e0434bebe61d45fa7e40e11cdd2a1a50') in 0.020041 seconds 
  Import took 0.023755 seconds .

========================================================================
Received Import Request.
  Time since last request: 1.204808 seconds.
  path: Assets/UI/Icons
  artifactKey: Guid(d0f955878fa204844862264f66cd34ba) Importer(815301076,1909f56bfc062723c751e8b465ee728b)
Start importing Assets/UI/Icons using Guid(d0f955878fa204844862264f66cd34ba) Importer(815301076,1909f56bfc062723c751e8b465ee728b)  -> (artifact id: '40e11109b22d5d246401ddbbe0384271') in 0.035439 seconds 
  Import took 0.038319 seconds .

========================================================================
Received Import Request.
  Time since last request: 0.116908 seconds.
  path: Assets/UI/Icons/Food Icon.png
  artifactKey: Guid(fd0c1ad3271fe1f4ca519b737b702924) Importer(815301076,1909f56bfc062723c751e8b465ee728b)
Start importing Assets/UI/Icons/Food Icon.png using Guid(fd0c1ad3271fe1f4ca519b737b702924) Importer(815301076,1909f56bfc062723c751e8b465ee728b)  -> (artifact id: 'be9d3e10a0fbf375bf2e9cbcbb39daef') in 0.066948 seconds 
  Import took 0.071936 seconds .

========================================================================
Received Import Request.
  Time since last request: 0.000202 seconds.
  path: Assets/UI/Icons/Money Icon.png
  artifactKey: Guid(acf2978406b8fe649b5918052cddf9ce) Importer(815301076,1909f56bfc062723c751e8b465ee728b)
Start importing Assets/UI/Icons/Money Icon.png using Guid(acf2978406b8fe649b5918052cddf9ce) Importer(815301076,1909f56bfc062723c751e8b465ee728b)  -> (artifact id: 'dc0e677c94bad3e1e935757a23edd3a9') in 0.066182 seconds 
  Import took 0.076946 seconds .

========================================================================
Received Import Request.
  Time since last request: 0.000228 seconds.
  path: Assets/UI/Icons/Reputation Icon.png
  artifactKey: Guid(2eccb50c645b969409f5d07b9b4add83) Importer(815301076,1909f56bfc062723c751e8b465ee728b)
Start importing Assets/UI/Icons/Reputation Icon.png using Guid(2eccb50c645b969409f5d07b9b4add83) Importer(815301076,1909f56bfc062723c751e8b465ee728b)  -> (artifact id: '78ea2ebf1746db34ba913f68b32016b8') in 0.067443 seconds 
  Import took 0.075608 seconds .

========================================================================
Received Import Request.
  Time since last request: 0.000243 seconds.
  path: Assets/UI/Icons/Power Icon.png
  artifactKey: Guid(37c4922bc9c661049908febfd6e68052) Importer(815301076,1909f56bfc062723c751e8b465ee728b)
Start importing Assets/UI/Icons/Power Icon.png using Guid(37c4922bc9c661049908febfd6e68052) Importer(815301076,1909f56bfc062723c751e8b465ee728b)  -> (artifact id: '68233046fb01e36eb4d240d6951336e9') in 0.072085 seconds 
  Import took 0.078284 seconds .

========================================================================
Received Import Request.
  Time since last request: 0.000258 seconds.
  path: Assets/UI/Icons/Pollution Icon.png
  artifactKey: Guid(534161a04f4f07a438703bb283915810) Importer(815301076,1909f56bfc062723c751e8b465ee728b)
Start importing Assets/UI/Icons/Pollution Icon.png using Guid(534161a04f4f07a438703bb283915810) Importer(815301076,1909f56bfc062723c751e8b465ee728b)  -> (artifact id: '72bc779bf54f44db3c89d6016427437d') in 0.076857 seconds 
  Import took 0.081589 seconds .

========================================================================
Received Import Request.
  Time since last request: 0.000222 seconds.
  path: Assets/UI/Icons/Industry Icon.png
  artifactKey: Guid(01692132553e2f247a8d8185fa96e93c) Importer(815301076,1909f56bfc062723c751e8b465ee728b)
Start importing Assets/UI/Icons/Industry Icon.png using Guid(01692132553e2f247a8d8185fa96e93c) Importer(815301076,1909f56bfc062723c751e8b465ee728b)  -> (artifact id: '6aebdcd172ef783f3bcf3e76454e3302') in 0.071008 seconds 
  Import took 0.078788 seconds .

========================================================================
Received Prepare
Registering precompiled user dll's ...
Registered in 0.014493 seconds.
Begin MonoManager ReloadAssembly
Native extension for WindowsStandalone target not found
Refreshing native plugins compatible for Editor in 0.52 ms, found 2 plugins.
Preloading 0 native plugins for Editor in 0.00 ms.
Mono: successfully reloaded assembly
- Completed reload, in  4.123 seconds
Domain Reload Profiling:
	ReloadAssembly (4124ms)
		BeginReloadAssembly (254ms)
			ExecutionOrderSort (0ms)
			DisableScriptedObjects (12ms)
			BackupInstance (0ms)
			ReleaseScriptingObjects (0ms)
			CreateAndSetChildDomain (71ms)
		EndReloadAssembly (3568ms)
			LoadAssemblies (209ms)
			RebuildTransferFunctionScriptingTraits (0ms)
			SetupTypeCache (2101ms)
			ReleaseScriptCaches (1ms)
			RebuildScriptCaches (128ms)
			SetupLoadedEditorAssemblies (850ms)
				LogAssemblyErrors (0ms)
				InitializePlatformSupportModulesInManaged (12ms)
				SetLoadedEditorAssemblies (1ms)
				RefreshPlugins (1ms)
				BeforeProcessingInitializeOnLoad (301ms)
				ProcessInitializeOnLoadAttributes (481ms)
				ProcessInitializeOnLoadMethodAttributes (21ms)
				AfterProcessingInitializeOnLoad (32ms)
				EditorAssembliesLoaded (0ms)
			ExecutionOrderSort2 (0ms)
			AwakeInstancesAfterBackupRestoration (16ms)
Platform modules already initialized, skipping
Refreshing native plugins compatible for Editor in 0.41 ms, found 2 plugins.
Preloading 0 native plugins for Editor in 0.00 ms.
Unloading 1501 Unused Serialized files (Serialized files now loaded: 0)
System memory in use before: 90.3 MB.
System memory in use after: 90.4 MB.

Unloading 14 unused Assets to reduce memory usage. Loaded Objects now: 1976.
Total: 9.948200 ms (FindLiveObjects: 0.221100 ms CreateObjectMapping: 0.095600 ms MarkObjects: 9.602700 ms  DeleteObjects: 0.027600 ms)

AssetImportParameters requested are different than current active one (requested -> active):
  custom:framework-win-MediaFoundation: 216162199b28c13a410421893ffa2e32 -> 
  custom:video-decoder-ogg-theora: a1e56fd34408186e4bbccfd4996cb3dc -> 
  custom:container-muxer-webm: aa71ff27fc2769a1b78a27578f13a17b -> 
  custom:container-demuxer-webm: 4f35f7cbe854078d1ac9338744f61a02 -> 
  custom:container-demuxer-ogg: 62fdf1f143b41e24485cea50d1cbac27 -> 
  custom:video-encoder-webm-vp8: eb34c28f22e8b96e1ab97ce403110664 -> 
  custom:video-decoder-webm-vp8: 9c59270c3fd7afecdb556c50c9e8de78 -> 
  custom:audio-decoder-ogg-vorbis: bf7c407c2cedff20999df2af8eb42d56 -> 
  custom:audio-encoder-webm-vorbis: bf7c407c2cedff20999df2af8eb42d56 -> 
========================================================================
Received Import Request.
  Time since last request: 2378.861876 seconds.
  path: Assets/UI/Tutorial_Icon.png
  artifactKey: Guid(b9a1e0dd9c42f554390bb4f13b82355c) Importer(815301076,1909f56bfc062723c751e8b465ee728b)
Start importing Assets/UI/Tutorial_Icon.png using Guid(b9a1e0dd9c42f554390bb4f13b82355c) Importer(815301076,1909f56bfc062723c751e8b465ee728b)  -> (artifact id: '358c6ff807fbbe058ce89623165e1614') in 0.114536 seconds 
  Import took 0.119256 seconds .

========================================================================
Received Import Request.
  Time since last request: 7.061292 seconds.
  path: Assets/UI/Tutorial_Icon.png
  artifactKey: Guid(b9a1e0dd9c42f554390bb4f13b82355c) Importer(815301076,1909f56bfc062723c751e8b465ee728b)
Start importing Assets/UI/Tutorial_Icon.png using Guid(b9a1e0dd9c42f554390bb4f13b82355c) Importer(815301076,1909f56bfc062723c751e8b465ee728b)  -> (artifact id: '09c0c688c3473ca4d0a71e481875e233') in 0.130374 seconds 
  Import took 0.137471 seconds .

========================================================================
Received Prepare
Registering precompiled user dll's ...
Registered in 0.009289 seconds.
Begin MonoManager ReloadAssembly
Native extension for WindowsStandalone target not found
Refreshing native plugins compatible for Editor in 0.96 ms, found 2 plugins.
Preloading 0 native plugins for Editor in 0.00 ms.
Mono: successfully reloaded assembly
- Completed reload, in  2.438 seconds
Domain Reload Profiling:
	ReloadAssembly (2439ms)
		BeginReloadAssembly (302ms)
			ExecutionOrderSort (0ms)
			DisableScriptedObjects (21ms)
			BackupInstance (0ms)
			ReleaseScriptingObjects (0ms)
			CreateAndSetChildDomain (95ms)
		EndReloadAssembly (1922ms)
			LoadAssemblies (330ms)
			RebuildTransferFunctionScriptingTraits (0ms)
			SetupTypeCache (757ms)
			ReleaseScriptCaches (1ms)
			RebuildScriptCaches (84ms)
			SetupLoadedEditorAssemblies (535ms)
				LogAssemblyErrors (0ms)
				InitializePlatformSupportModulesInManaged (11ms)
				SetLoadedEditorAssemblies (1ms)
				RefreshPlugins (1ms)
				BeforeProcessingInitializeOnLoad (168ms)
				ProcessInitializeOnLoadAttributes (322ms)
				ProcessInitializeOnLoadMethodAttributes (16ms)
				AfterProcessingInitializeOnLoad (15ms)
				EditorAssembliesLoaded (0ms)
			ExecutionOrderSort2 (0ms)
			AwakeInstancesAfterBackupRestoration (21ms)
Platform modules already initialized, skipping
Refreshing native plugins compatible for Editor in 0.40 ms, found 2 plugins.
Preloading 0 native plugins for Editor in 0.00 ms.
Unloading 1501 Unused Serialized files (Serialized files now loaded: 0)
System memory in use before: 90.3 MB.
System memory in use after: 90.5 MB.

Unloading 14 unused Assets to reduce memory usage. Loaded Objects now: 1979.
Total: 3.970300 ms (FindLiveObjects: 0.527200 ms CreateObjectMapping: 0.114200 ms MarkObjects: 3.295100 ms  DeleteObjects: 0.032100 ms)

AssetImportParameters requested are different than current active one (requested -> active):
  custom:framework-win-MediaFoundation: 216162199b28c13a410421893ffa2e32 -> 
  custom:video-decoder-ogg-theora: a1e56fd34408186e4bbccfd4996cb3dc -> 
  custom:container-muxer-webm: aa71ff27fc2769a1b78a27578f13a17b -> 
  custom:container-demuxer-webm: 4f35f7cbe854078d1ac9338744f61a02 -> 
  custom:container-demuxer-ogg: 62fdf1f143b41e24485cea50d1cbac27 -> 
  custom:video-encoder-webm-vp8: eb34c28f22e8b96e1ab97ce403110664 -> 
  custom:video-decoder-webm-vp8: 9c59270c3fd7afecdb556c50c9e8de78 -> 
  custom:audio-decoder-ogg-vorbis: bf7c407c2cedff20999df2af8eb42d56 -> 
  custom:audio-encoder-webm-vorbis: bf7c407c2cedff20999df2af8eb42d56 -> 
========================================================================
Received Import Request.
  Time since last request: 146.445845 seconds.
  path: Assets/Scenes/MainScene.unity
  artifactKey: Guid(698ce6388fc15c04ea48777f2b54ed35) Importer(815301076,1909f56bfc062723c751e8b465ee728b)
Start importing Assets/Scenes/MainScene.unity using Guid(698ce6388fc15c04ea48777f2b54ed35) Importer(815301076,1909f56bfc062723c751e8b465ee728b)  -> (artifact id: '7ede20576c4637531010c92a24acc6de') in 0.054090 seconds 
  Import took 0.057682 seconds .

========================================================================
Received Import Request.
  Time since last request: 2.426509 seconds.
  path: Assets/Scenes/TutorialScene.unity
  artifactKey: Guid(e2dc698b8d17ed4418a0d3f72c29592f) Importer(815301076,1909f56bfc062723c751e8b465ee728b)
Start importing Assets/Scenes/TutorialScene.unity using Guid(e2dc698b8d17ed4418a0d3f72c29592f) Importer(815301076,1909f56bfc062723c751e8b465ee728b)  -> (artifact id: 'c45715a4b8dc95fec184728f20737a28') in 0.035921 seconds 
  Import took 0.043889 seconds .

========================================================================
Received Import Request.
  Time since last request: 0.858047 seconds.
  path: Assets/Scenes/CreditScene.unity
  artifactKey: Guid(3d18c928b05f9db4fb3a20f2eea84c75) Importer(815301076,1909f56bfc062723c751e8b465ee728b)
Start importing Assets/Scenes/CreditScene.unity using Guid(3d18c928b05f9db4fb3a20f2eea84c75) Importer(815301076,1909f56bfc062723c751e8b465ee728b)  -> (artifact id: '6a8bbea20cc74d1ee982a40002e0009d') in 0.042681 seconds 
  Import took 0.049522 seconds .

========================================================================
Received Import Request.
  Time since last request: 12.780909 seconds.
  path: Assets/Scenes/DevScene.unity
  artifactKey: Guid(b52cea4f5572f1349a79248ac7f36bbb) Importer(815301076,1909f56bfc062723c751e8b465ee728b)
Start importing Assets/Scenes/DevScene.unity using Guid(b52cea4f5572f1349a79248ac7f36bbb) Importer(815301076,1909f56bfc062723c751e8b465ee728b)  -> (artifact id: 'fede50e43009100bc0ca679c96a7df97') in 0.053018 seconds 
  Import took 0.060648 seconds .

========================================================================
Received Import Request.
  Time since last request: 36.115898 seconds.
  path: Assets/Scenes/TutorialScene.unity
  artifactKey: Guid(e2dc698b8d17ed4418a0d3f72c29592f) Importer(815301076,1909f56bfc062723c751e8b465ee728b)
Start importing Assets/Scenes/TutorialScene.unity using Guid(e2dc698b8d17ed4418a0d3f72c29592f) Importer(815301076,1909f56bfc062723c751e8b465ee728b)  -> (artifact id: '75edf403b955bd25b07d4f1e17ecb0b5') in 0.025314 seconds 
  Import took 0.034155 seconds .

========================================================================
Received Prepare
Refreshing native plugins compatible for Editor in 6.44 ms, found 2 plugins.
Preloading 0 native plugins for Editor in 0.00 ms.
Unloading 12 Unused Serialized files (Serialized files now loaded: 0)
System memory in use before: 60.9 MB.
System memory in use after: 61.0 MB.

Unloading 12 unused Assets to reduce memory usage. Loaded Objects now: 1979.
Total: 4.417000 ms (FindLiveObjects: 0.182400 ms CreateObjectMapping: 0.063300 ms MarkObjects: 4.152100 ms  DeleteObjects: 0.018100 ms)

AssetImportParameters requested are different than current active one (requested -> active):
  custom:framework-win-MediaFoundation: 216162199b28c13a410421893ffa2e32 -> 
  custom:video-decoder-ogg-theora: a1e56fd34408186e4bbccfd4996cb3dc -> 
  custom:container-muxer-webm: aa71ff27fc2769a1b78a27578f13a17b -> 
  custom:container-demuxer-webm: 4f35f7cbe854078d1ac9338744f61a02 -> 
  custom:container-demuxer-ogg: 62fdf1f143b41e24485cea50d1cbac27 -> 
  custom:video-encoder-webm-vp8: eb34c28f22e8b96e1ab97ce403110664 -> 
  custom:video-decoder-webm-vp8: 9c59270c3fd7afecdb556c50c9e8de78 -> 
  custom:audio-decoder-ogg-vorbis: bf7c407c2cedff20999df2af8eb42d56 -> 
  custom:audio-encoder-webm-vorbis: bf7c407c2cedff20999df2af8eb42d56 -> 
========================================================================
Received Import Request.
  Time since last request: 145.969887 seconds.
  path: Assets/Scenes/TutorialScene.unity
  artifactKey: Guid(e2dc698b8d17ed4418a0d3f72c29592f) Importer(815301076,1909f56bfc062723c751e8b465ee728b)
Start importing Assets/Scenes/TutorialScene.unity using Guid(e2dc698b8d17ed4418a0d3f72c29592f) Importer(815301076,1909f56bfc062723c751e8b465ee728b)  -> (artifact id: '7660a5f045cea2d21316762a5be1a950') in 0.209757 seconds 
  Import took 0.221245 seconds .

========================================================================
Received Prepare
Refreshing native plugins compatible for Editor in 13.47 ms, found 2 plugins.
Preloading 0 native plugins for Editor in 0.00 ms.
Unloading 12 Unused Serialized files (Serialized files now loaded: 0)
System memory in use before: 60.9 MB.
System memory in use after: 61.0 MB.

Unloading 12 unused Assets to reduce memory usage. Loaded Objects now: 1979.
Total: 6.660600 ms (FindLiveObjects: 0.182400 ms CreateObjectMapping: 0.068900 ms MarkObjects: 6.386800 ms  DeleteObjects: 0.020500 ms)

AssetImportParameters requested are different than current active one (requested -> active):
  custom:framework-win-MediaFoundation: 216162199b28c13a410421893ffa2e32 -> 
  custom:video-decoder-ogg-theora: a1e56fd34408186e4bbccfd4996cb3dc -> 
  custom:container-muxer-webm: aa71ff27fc2769a1b78a27578f13a17b -> 
  custom:container-demuxer-webm: 4f35f7cbe854078d1ac9338744f61a02 -> 
  custom:container-demuxer-ogg: 62fdf1f143b41e24485cea50d1cbac27 -> 
  custom:video-encoder-webm-vp8: eb34c28f22e8b96e1ab97ce403110664 -> 
  custom:video-decoder-webm-vp8: 9c59270c3fd7afecdb556c50c9e8de78 -> 
  custom:audio-decoder-ogg-vorbis: bf7c407c2cedff20999df2af8eb42d56 -> 
  custom:audio-encoder-webm-vorbis: bf7c407c2cedff20999df2af8eb42d56 -> 
AssetImportWorkerClient::OnTransportError - code=2 error=End of file
