Using pre-set license
Built from '2020.3/staging' branch; Version is '2020.3.21f1 (a38c86f6690f) revision 10718342'; Using compiler version '192528614'; Build Type 'Release'
OS: 'Windows 10 Pro; OS build 19044.1766; Version 2009; 64bit' Language: 'en' Physical Memory: 15311 MB
BatchMode: 1, IsHumanControllingUs: 0, StartBugReporterOnCrash: 0, Is64bit: 1, IsPro: 0

COMMAND LINE ARGUMENTS:
D:\Aplikasi\Unity\2020.3.21f1\Editor\Unity.exe
-adb2
-batchMode
-noUpm
-name
AssetImportWorker45
-projectPath
C:/Users/User/OneDrive - Bina Nusantara University/BGDC/P2M/Unity Version/P2M-2022-Unity
-logFile
Logs/AssetImportWorker45.log
-srvPort
51097
Successfully changed project path to: C:/Users/User/OneDrive - Bina Nusantara University/BGDC/P2M/Unity Version/P2M-2022-Unity
C:/Users/User/OneDrive - Bina Nusantara University/BGDC/P2M/Unity Version/P2M-2022-Unity
Using Asset Import Pipeline V2.
Refreshing native plugins compatible for Editor in 217.39 ms, found 2 plugins.
Preloading 0 native plugins for Editor in 0.00 ms.
Initialize engine version: 2020.3.21f1 (a38c86f6690f)
[Subsystems] Discovering subsystems at path D:/Aplikasi/Unity/2020.3.21f1/Editor/Data/Resources/UnitySubsystems
[Subsystems] Discovering subsystems at path C:/Users/User/OneDrive - Bina Nusantara University/BGDC/P2M/Unity Version/P2M-2022-Unity/Assets
GfxDevice: creating device client; threaded=0
Direct3D:
    Version:  Direct3D 11.0 [level 11.1]
    Renderer: AMD Radeon(TM) RX 560 (ID=0x67ff)
    Vendor:   
    VRAM:     4078 MB
    Driver:   24.20.11028.1004
