Using pre-set license
Built from '2020.3/staging' branch; Version is '2020.3.21f1 (a38c86f6690f) revision 10718342'; Using compiler version '192528614'; Build Type 'Release'
OS: 'Windows 10 Pro; OS build 19044.1766; Version 2009; 64bit' Language: 'en' Physical Memory: 15311 MB
BatchMode: 1, IsHumanControllingUs: 0, StartBugReporterOnCrash: 0, Is64bit: 1, IsPro: 0

COMMAND LINE ARGUMENTS:
D:\Aplikasi\Unity\2020.3.21f1\Editor\Unity.exe
-adb2
-batchMode
-noUpm
-name
AssetImportWorker4
-projectPath
C:/Users/User/OneDrive - Bina Nusantara University/BGDC/P2M/Unity Version/P2M-2022-Unity
-logFile
Logs/AssetImportWorker4.log
-srvPort
63695
Successfully changed project path to: C:/Users/User/OneDrive - Bina Nusantara University/BGDC/P2M/Unity Version/P2M-2022-Unity
C:/Users/User/OneDrive - Bina Nusantara University/BGDC/P2M/Unity Version/P2M-2022-Unity
Using Asset Import Pipeline V2.
Refreshing native plugins compatible for Editor in 94.06 ms, found 2 plugins.
Preloading 0 native plugins for Editor in 0.00 ms.
Initialize engine version: 2020.3.21f1 (a38c86f6690f)
[Subsystems] Discovering subsystems at path D:/Aplikasi/Unity/2020.3.21f1/Editor/Data/Resources/UnitySubsystems
[Subsystems] Discovering subsystems at path C:/Users/User/OneDrive - Bina Nusantara University/BGDC/P2M/Unity Version/P2M-2022-Unity/Assets
GfxDevice: creating device client; threaded=0
Direct3D:
    Version:  Direct3D 11.0 [level 11.1]
    Renderer: AMD Radeon(TM) RX 560 (ID=0x67ff)
    Vendor:   
    VRAM:     4078 MB
    Driver:   24.20.11028.1004
Initialize mono
Mono path[0] = 'D:/Aplikasi/Unity/2020.3.21f1/Editor/Data/Managed'
Mono path[1] = 'D:/Aplikasi/Unity/2020.3.21f1/Editor/Data/MonoBleedingEdge/lib/mono/unityjit'
Mono config path = 'D:/Aplikasi/Unity/2020.3.21f1/Editor/Data/MonoBleedingEdge/etc'
Using monoOptions --debugger-agent=transport=dt_socket,embedding=1,server=y,suspend=n,address=127.0.0.1:56912
Begin MonoManager ReloadAssembly
Registering precompiled unity dll's ...
Register platform support module: D:/Aplikasi/Unity/2020.3.21f1/Editor/Data/PlaybackEngines/WindowsStandaloneSupport/UnityEditor.WindowsStandalone.Extensions.dll
Registered in 0.003573 seconds.
Native extension for WindowsStandalone target not found
Refreshing native plugins compatible for Editor in 82.08 ms, found 2 plugins.
Preloading 0 native plugins for Editor in 0.00 ms.
Mono: successfully reloaded assembly
- Completed reload, in  3.358 seconds
Domain Reload Profiling:
	ReloadAssembly (3358ms)
		BeginReloadAssembly (477ms)
			ExecutionOrderSort (0ms)
			DisableScriptedObjects (0ms)
			BackupInstance (0ms)
			ReleaseScriptingObjects (0ms)
			CreateAndSetChildDomain (3ms)
		EndReloadAssembly (1306ms)
			LoadAssemblies (474ms)
			RebuildTransferFunctionScriptingTraits (0ms)
			SetupTypeCache (439ms)
			ReleaseScriptCaches (0ms)
			RebuildScriptCaches (88ms)
			SetupLoadedEditorAssemblies (498ms)
				LogAssemblyErrors (0ms)
				InitializePlatformSupportModulesInManaged (16ms)
				SetLoadedEditorAssemblies (1ms)
				RefreshPlugins (82ms)
				BeforeProcessingInitializeOnLoad (48ms)
				ProcessInitializeOnLoadAttributes (257ms)
				ProcessInitializeOnLoadMethodAttributes (92ms)
				AfterProcessingInitializeOnLoad (0ms)
				EditorAssembliesLoaded (1ms)
			ExecutionOrderSort2 (0ms)
			AwakeInstancesAfterBackupRestoration (0ms)
Platform modules already initialized, skipping
Registering precompiled user dll's ...
Registered in 0.019409 seconds.
Begin MonoManager ReloadAssembly
Native extension for WindowsStandalone target not found
Refreshing native plugins compatible for Editor in 1.53 ms, found 2 plugins.
Preloading 0 native plugins for Editor in 0.00 ms.
Mono: successfully reloaded assembly
- Completed reload, in  4.071 seconds
Domain Reload Profiling:
	ReloadAssembly (4075ms)
		BeginReloadAssembly (575ms)
			ExecutionOrderSort (0ms)
			DisableScriptedObjects (15ms)
			BackupInstance (0ms)
			ReleaseScriptingObjects (0ms)
			CreateAndSetChildDomain (75ms)
		EndReloadAssembly (3304ms)
			LoadAssemblies (392ms)
			RebuildTransferFunctionScriptingTraits (0ms)
			SetupTypeCache (875ms)
			ReleaseScriptCaches (1ms)
			RebuildScriptCaches (194ms)
			SetupLoadedEditorAssemblies (1510ms)
				LogAssemblyErrors (0ms)
				InitializePlatformSupportModulesInManaged (23ms)
				SetLoadedEditorAssemblies (3ms)
				RefreshPlugins (2ms)
				BeforeProcessingInitializeOnLoad (283ms)
				ProcessInitializeOnLoadAttributes (1119ms)
				ProcessInitializeOnLoadMethodAttributes (65ms)
				AfterProcessingInitializeOnLoad (15ms)
				EditorAssembliesLoaded (1ms)
			ExecutionOrderSort2 (0ms)
			AwakeInstancesAfterBackupRestoration (61ms)
Platform modules already initialized, skipping
========================================================================
Worker process is ready to serve import requests
Launched and connected shader compiler UnityShaderCompiler.exe after 0.27 seconds
Refreshing native plugins compatible for Editor in 3.08 ms, found 2 plugins.
Preloading 0 native plugins for Editor in 0.00 ms.
Unloading 1503 Unused Serialized files (Serialized files now loaded: 0)
System memory in use before: 87.7 MB.
System memory in use after: 87.8 MB.

Unloading 19 unused Assets to reduce memory usage. Loaded Objects now: 1956.
Total: 8.596800 ms (FindLiveObjects: 0.409600 ms CreateObjectMapping: 0.097200 ms MarkObjects: 7.563000 ms  DeleteObjects: 0.522800 ms)

AssetImportParameters requested are different than current active one (requested -> active):
  custom:framework-win-MediaFoundation: 216162199b28c13a410421893ffa2e32 -> 
  custom:video-decoder-ogg-theora: a1e56fd34408186e4bbccfd4996cb3dc -> 
  custom:container-muxer-webm: aa71ff27fc2769a1b78a27578f13a17b -> 
  custom:container-demuxer-webm: 4f35f7cbe854078d1ac9338744f61a02 -> 
  custom:container-demuxer-ogg: 62fdf1f143b41e24485cea50d1cbac27 -> 
  custom:video-encoder-webm-vp8: eb34c28f22e8b96e1ab97ce403110664 -> 
  custom:video-decoder-webm-vp8: 9c59270c3fd7afecdb556c50c9e8de78 -> 
  custom:audio-decoder-ogg-vorbis: bf7c407c2cedff20999df2af8eb42d56 -> 
  custom:audio-encoder-webm-vorbis: bf7c407c2cedff20999df2af8eb42d56 -> 
========================================================================
Received Import Request.
  path: Assets/Scenes/DevScene.unity
  artifactKey: Guid(b52cea4f5572f1349a79248ac7f36bbb) Importer(815301076,1909f56bfc062723c751e8b465ee728b)
Start importing Assets/Scenes/DevScene.unity using Guid(b52cea4f5572f1349a79248ac7f36bbb) Importer(815301076,1909f56bfc062723c751e8b465ee728b)  -> (artifact id: '5375b1aa59fc6ef212f79758d75443df') in 0.046544 seconds 
  Import took 0.055797 seconds .

========================================================================
Received Import Request.
  Time since last request: 0.000546 seconds.
  path: Assets/Scenes/MainScene.unity
  artifactKey: Guid(698ce6388fc15c04ea48777f2b54ed35) Importer(815301076,1909f56bfc062723c751e8b465ee728b)
Start importing Assets/Scenes/MainScene.unity using Guid(698ce6388fc15c04ea48777f2b54ed35) Importer(815301076,1909f56bfc062723c751e8b465ee728b)  -> (artifact id: '7a03f49dc87dac0420f11b8b9f96ea66') in 0.031169 seconds 
  Import took 0.038742 seconds .

========================================================================
Received Import Request.
  Time since last request: 1263.535081 seconds.
  path: Assets/Scripts/Policy/PolicyCloseButton.cs
  artifactKey: Guid(3bad34b5cb9f1584cb545f616fd3870b) Importer(815301076,1909f56bfc062723c751e8b465ee728b)
Start importing Assets/Scripts/Policy/PolicyCloseButton.cs using Guid(3bad34b5cb9f1584cb545f616fd3870b) Importer(815301076,1909f56bfc062723c751e8b465ee728b)  -> (artifact id: 'f130c60cd0504d80dc9cf04e72e4cba5') in 0.673896 seconds 
  Import took 0.686243 seconds .

========================================================================
Received Import Request.
  Time since last request: 0.028247 seconds.
  path: Assets/Scripts/Policy/PolicyAcceptButton.cs
  artifactKey: Guid(659eda08bd4f501418a1b2f85e375da7) Importer(815301076,1909f56bfc062723c751e8b465ee728b)
Start importing Assets/Scripts/Policy/PolicyAcceptButton.cs using Guid(659eda08bd4f501418a1b2f85e375da7) Importer(815301076,1909f56bfc062723c751e8b465ee728b)  -> (artifact id: '65946e6be7acc4c80d608fe60601e5e8') in 0.086740 seconds 
  Import took 0.095014 seconds .

========================================================================
Received Import Request.
  Time since last request: 2.289856 seconds.
  path: Assets/Scripts/Policy/PolicyScript.cs
  artifactKey: Guid(a74e3b8146b7cd7499d9ea2ee08fc7a3) Importer(815301076,1909f56bfc062723c751e8b465ee728b)
Start importing Assets/Scripts/Policy/PolicyScript.cs using Guid(a74e3b8146b7cd7499d9ea2ee08fc7a3) Importer(815301076,1909f56bfc062723c751e8b465ee728b)  -> (artifact id: 'ea5159f1e1eb45686ebd867714e2ac1b') in 0.078782 seconds 
  Import took 0.087292 seconds .

========================================================================
Received Import Request.
  Time since last request: 0.357971 seconds.
  path: Assets/Scripts/Policy/PolicyShow.cs
  artifactKey: Guid(4e7defad2ec9abb47af0c6012c1ef1f8) Importer(815301076,1909f56bfc062723c751e8b465ee728b)
Start importing Assets/Scripts/Policy/PolicyShow.cs using Guid(4e7defad2ec9abb47af0c6012c1ef1f8) Importer(815301076,1909f56bfc062723c751e8b465ee728b)  -> (artifact id: '884e794503b108be2aab4fabd7996210') in 0.454549 seconds 
  Import took 0.477004 seconds .

========================================================================
Received Import Request.
  Time since last request: 5.728059 seconds.
  path: Assets/Scripts/BackgroundMusic.cs
  artifactKey: Guid(3a953bdacf424c8468ea59d7133d4eae) Importer(815301076,1909f56bfc062723c751e8b465ee728b)
Start importing Assets/Scripts/BackgroundMusic.cs using Guid(3a953bdacf424c8468ea59d7133d4eae) Importer(815301076,1909f56bfc062723c751e8b465ee728b)  -> (artifact id: '6d45ce0c19188968128e8f9a15b81364') in 0.084248 seconds 
  Import took 0.092064 seconds .

========================================================================
Received Import Request.
  Time since last request: 0.388412 seconds.
  path: Assets/Scripts/CameraMovement.cs
  artifactKey: Guid(c085b539df3c5374eaa26091a5ed1db5) Importer(815301076,1909f56bfc062723c751e8b465ee728b)
Start importing Assets/Scripts/CameraMovement.cs using Guid(c085b539df3c5374eaa26091a5ed1db5) Importer(815301076,1909f56bfc062723c751e8b465ee728b)  -> (artifact id: '138c587335b1f6f58904a5ae7fdd6bf8') in 0.073547 seconds 
  Import took 0.080143 seconds .

========================================================================
Received Import Request.
  Time since last request: 0.953512 seconds.
  path: Assets/Scripts/MenuButton.cs
  artifactKey: Guid(4e3eab5342f19164e8a103407259225e) Importer(815301076,1909f56bfc062723c751e8b465ee728b)
Start importing Assets/Scripts/MenuButton.cs using Guid(4e3eab5342f19164e8a103407259225e) Importer(815301076,1909f56bfc062723c751e8b465ee728b)  -> (artifact id: 'ca8f3c1e3e3ee93b9011ba2acfde54d5') in 0.089364 seconds 
  Import took 0.097494 seconds .

========================================================================
Received Import Request.
  Time since last request: 1.014734 seconds.
  path: Assets/Scripts/Status.cs
  artifactKey: Guid(82747bdb0421c5b42b03f34958739d84) Importer(815301076,1909f56bfc062723c751e8b465ee728b)
Start importing Assets/Scripts/Status.cs using Guid(82747bdb0421c5b42b03f34958739d84) Importer(815301076,1909f56bfc062723c751e8b465ee728b)  -> (artifact id: 'b1295164db08a40173440dc5c7e569b9') in 0.115052 seconds 
  Import took 0.121121 seconds .

========================================================================
Received Import Request.
  Time since last request: 2.344486 seconds.
  path: Assets/Scripts/StatusHover.cs
  artifactKey: Guid(adc81c492adc8f14985d065a20e47dee) Importer(815301076,1909f56bfc062723c751e8b465ee728b)
Start importing Assets/Scripts/StatusHover.cs using Guid(adc81c492adc8f14985d065a20e47dee) Importer(815301076,1909f56bfc062723c751e8b465ee728b)  -> (artifact id: 'ae8f14abc6101419b318f03fa44fd53c') in 0.208508 seconds 
  Import took 0.213671 seconds .

========================================================================
Received Import Request.
  Time since last request: 12.767196 seconds.
  path: Assets/Scripts/Policy/PolicyRejectButton.cs
  artifactKey: Guid(6c5bf7fad3dee7e4d8fff1301c407699) Importer(815301076,1909f56bfc062723c751e8b465ee728b)
Start importing Assets/Scripts/Policy/PolicyRejectButton.cs using Guid(6c5bf7fad3dee7e4d8fff1301c407699) Importer(815301076,1909f56bfc062723c751e8b465ee728b)  -> (artifact id: '9a4a14c058ff3497abd763cec23cd4ee') in 0.108476 seconds 
  Import took 0.116208 seconds .

========================================================================
Received Import Request.
  Time since last request: 56.159495 seconds.
  path: Assets/Scripts/Policy/PolicyShow.cs
  artifactKey: Guid(4e7defad2ec9abb47af0c6012c1ef1f8) Importer(815301076,1909f56bfc062723c751e8b465ee728b)
Start importing Assets/Scripts/Policy/PolicyShow.cs using Guid(4e7defad2ec9abb47af0c6012c1ef1f8) Importer(815301076,1909f56bfc062723c751e8b465ee728b)  -> (artifact id: '21a961a42f4d1b2c1309df3537966586') in 2.726651 seconds 
  Import took 2.887511 seconds .

========================================================================
Received Prepare
Registering precompiled user dll's ...
Registered in 0.042741 seconds.
Begin MonoManager ReloadAssembly
Native extension for WindowsStandalone target not found
Refreshing native plugins compatible for Editor in 0.82 ms, found 2 plugins.
Preloading 0 native plugins for Editor in 0.00 ms.
Mono: successfully reloaded assembly
- Completed reload, in  7.088 seconds
Domain Reload Profiling:
	ReloadAssembly (7089ms)
		BeginReloadAssembly (325ms)
			ExecutionOrderSort (0ms)
			DisableScriptedObjects (14ms)
			BackupInstance (0ms)
			ReleaseScriptingObjects (0ms)
			CreateAndSetChildDomain (109ms)
		EndReloadAssembly (6591ms)
			LoadAssemblies (288ms)
			RebuildTransferFunctionScriptingTraits (0ms)
			SetupTypeCache (2205ms)
			ReleaseScriptCaches (2ms)
			RebuildScriptCaches (278ms)
			SetupLoadedEditorAssemblies (2811ms)
				LogAssemblyErrors (0ms)
				InitializePlatformSupportModulesInManaged (17ms)
				SetLoadedEditorAssemblies (1ms)
				RefreshPlugins (1ms)
				BeforeProcessingInitializeOnLoad (371ms)
				ProcessInitializeOnLoadAttributes (2373ms)
				ProcessInitializeOnLoadMethodAttributes (42ms)
				AfterProcessingInitializeOnLoad (6ms)
				EditorAssembliesLoaded (1ms)
			ExecutionOrderSort2 (0ms)
			AwakeInstancesAfterBackupRestoration (42ms)
Platform modules already initialized, skipping
Refreshing native plugins compatible for Editor in 1.01 ms, found 2 plugins.
Preloading 0 native plugins for Editor in 0.00 ms.
Unloading 1496 Unused Serialized files (Serialized files now loaded: 0)
System memory in use before: 87.6 MB.
System memory in use after: 87.7 MB.

Unloading 14 unused Assets to reduce memory usage. Loaded Objects now: 1958.
Total: 7.779300 ms (FindLiveObjects: 0.558800 ms CreateObjectMapping: 0.245400 ms MarkObjects: 6.917600 ms  DeleteObjects: 0.052700 ms)

AssetImportParameters requested are different than current active one (requested -> active):
  custom:framework-win-MediaFoundation: 216162199b28c13a410421893ffa2e32 -> 
  custom:video-decoder-ogg-theora: a1e56fd34408186e4bbccfd4996cb3dc -> 
  custom:container-muxer-webm: aa71ff27fc2769a1b78a27578f13a17b -> 
  custom:container-demuxer-webm: 4f35f7cbe854078d1ac9338744f61a02 -> 
  custom:container-demuxer-ogg: 62fdf1f143b41e24485cea50d1cbac27 -> 
  custom:video-encoder-webm-vp8: eb34c28f22e8b96e1ab97ce403110664 -> 
  custom:video-decoder-webm-vp8: 9c59270c3fd7afecdb556c50c9e8de78 -> 
  custom:audio-decoder-ogg-vorbis: bf7c407c2cedff20999df2af8eb42d56 -> 
  custom:audio-encoder-webm-vorbis: bf7c407c2cedff20999df2af8eb42d56 -> 
========================================================================
Received Prepare
Registering precompiled user dll's ...
Registered in 0.021049 seconds.
Begin MonoManager ReloadAssembly
Native extension for WindowsStandalone target not found
Refreshing native plugins compatible for Editor in 0.96 ms, found 2 plugins.
Preloading 0 native plugins for Editor in 0.00 ms.
Mono: successfully reloaded assembly
- Completed reload, in  3.548 seconds
Domain Reload Profiling:
	ReloadAssembly (3549ms)
		BeginReloadAssembly (312ms)
			ExecutionOrderSort (0ms)
			DisableScriptedObjects (13ms)
			BackupInstance (0ms)
			ReleaseScriptingObjects (0ms)
			CreateAndSetChildDomain (122ms)
		EndReloadAssembly (3044ms)
			LoadAssemblies (286ms)
			RebuildTransferFunctionScriptingTraits (0ms)
			SetupTypeCache (999ms)
			ReleaseScriptCaches (2ms)
			RebuildScriptCaches (118ms)
			SetupLoadedEditorAssemblies (1362ms)
				LogAssemblyErrors (0ms)
				InitializePlatformSupportModulesInManaged (16ms)
				SetLoadedEditorAssemblies (1ms)
				RefreshPlugins (1ms)
				BeforeProcessingInitializeOnLoad (222ms)
				ProcessInitializeOnLoadAttributes (1080ms)
				ProcessInitializeOnLoadMethodAttributes (32ms)
				AfterProcessingInitializeOnLoad (8ms)
				EditorAssembliesLoaded (1ms)
			ExecutionOrderSort2 (0ms)
			AwakeInstancesAfterBackupRestoration (22ms)
Platform modules already initialized, skipping
Refreshing native plugins compatible for Editor in 1.01 ms, found 2 plugins.
Preloading 0 native plugins for Editor in 0.00 ms.
Unloading 1496 Unused Serialized files (Serialized files now loaded: 0)
System memory in use before: 87.7 MB.
System memory in use after: 87.8 MB.

Unloading 14 unused Assets to reduce memory usage. Loaded Objects now: 1960.
Total: 7.183900 ms (FindLiveObjects: 0.804200 ms CreateObjectMapping: 0.173800 ms MarkObjects: 6.140500 ms  DeleteObjects: 0.061300 ms)

AssetImportParameters requested are different than current active one (requested -> active):
  custom:framework-win-MediaFoundation: 216162199b28c13a410421893ffa2e32 -> 
  custom:video-decoder-ogg-theora: a1e56fd34408186e4bbccfd4996cb3dc -> 
  custom:container-muxer-webm: aa71ff27fc2769a1b78a27578f13a17b -> 
  custom:container-demuxer-webm: 4f35f7cbe854078d1ac9338744f61a02 -> 
  custom:container-demuxer-ogg: 62fdf1f143b41e24485cea50d1cbac27 -> 
  custom:video-encoder-webm-vp8: eb34c28f22e8b96e1ab97ce403110664 -> 
  custom:video-decoder-webm-vp8: 9c59270c3fd7afecdb556c50c9e8de78 -> 
  custom:audio-decoder-ogg-vorbis: bf7c407c2cedff20999df2af8eb42d56 -> 
  custom:audio-encoder-webm-vorbis: bf7c407c2cedff20999df2af8eb42d56 -> 
========================================================================
Received Prepare
Registering precompiled user dll's ...
Registered in 0.038133 seconds.
Begin MonoManager ReloadAssembly
Native extension for WindowsStandalone target not found
Refreshing native plugins compatible for Editor in 2.92 ms, found 2 plugins.
Preloading 0 native plugins for Editor in 0.00 ms.
Mono: successfully reloaded assembly
- Completed reload, in 14.494 seconds
Domain Reload Profiling:
	ReloadAssembly (14496ms)
		BeginReloadAssembly (559ms)
			ExecutionOrderSort (0ms)
			DisableScriptedObjects (24ms)
			BackupInstance (0ms)
			ReleaseScriptingObjects (0ms)
			CreateAndSetChildDomain (170ms)
		EndReloadAssembly (13495ms)
			LoadAssemblies (660ms)
			RebuildTransferFunctionScriptingTraits (0ms)
			SetupTypeCache (2631ms)
			ReleaseScriptCaches (2ms)
			RebuildScriptCaches (367ms)
			SetupLoadedEditorAssemblies (7708ms)
				LogAssemblyErrors (0ms)
				InitializePlatformSupportModulesInManaged (854ms)
				SetLoadedEditorAssemblies (10ms)
				RefreshPlugins (3ms)
				BeforeProcessingInitializeOnLoad (533ms)
				ProcessInitializeOnLoadAttributes (6024ms)
				ProcessInitializeOnLoadMethodAttributes (218ms)
				AfterProcessingInitializeOnLoad (65ms)
				EditorAssembliesLoaded (1ms)
			ExecutionOrderSort2 (0ms)
			AwakeInstancesAfterBackupRestoration (364ms)
Platform modules already initialized, skipping
Refreshing native plugins compatible for Editor in 12.60 ms, found 2 plugins.
Preloading 0 native plugins for Editor in 0.00 ms.
Unloading 1496 Unused Serialized files (Serialized files now loaded: 0)
System memory in use before: 87.7 MB.
System memory in use after: 87.8 MB.

Unloading 14 unused Assets to reduce memory usage. Loaded Objects now: 1962.
Total: 35.065000 ms (FindLiveObjects: 0.440200 ms CreateObjectMapping: 0.576400 ms MarkObjects: 33.207300 ms  DeleteObjects: 0.836200 ms)

AssetImportParameters requested are different than current active one (requested -> active):
  custom:framework-win-MediaFoundation: 216162199b28c13a410421893ffa2e32 -> 
  custom:video-decoder-ogg-theora: a1e56fd34408186e4bbccfd4996cb3dc -> 
  custom:container-muxer-webm: aa71ff27fc2769a1b78a27578f13a17b -> 
  custom:container-demuxer-webm: 4f35f7cbe854078d1ac9338744f61a02 -> 
  custom:container-demuxer-ogg: 62fdf1f143b41e24485cea50d1cbac27 -> 
  custom:video-encoder-webm-vp8: eb34c28f22e8b96e1ab97ce403110664 -> 
  custom:video-decoder-webm-vp8: 9c59270c3fd7afecdb556c50c9e8de78 -> 
  custom:audio-decoder-ogg-vorbis: bf7c407c2cedff20999df2af8eb42d56 -> 
  custom:audio-encoder-webm-vorbis: bf7c407c2cedff20999df2af8eb42d56 -> 
========================================================================
Received Import Request.
  Time since last request: 2108.432035 seconds.
  path: Assets/UI/Icons
  artifactKey: Guid(d0f955878fa204844862264f66cd34ba) Importer(815301076,1909f56bfc062723c751e8b465ee728b)
Start importing Assets/UI/Icons using Guid(d0f955878fa204844862264f66cd34ba) Importer(815301076,1909f56bfc062723c751e8b465ee728b)  -> (artifact id: '7ac5816c523f40a853680317d06171d6') in 0.091747 seconds 
  Import took 0.100815 seconds .

========================================================================
Received Import Request.
  Time since last request: 0.006556 seconds.
  path: Assets/UI/Icons/Food Icon.png
  artifactKey: Guid(fd0c1ad3271fe1f4ca519b737b702924) Importer(815301076,1909f56bfc062723c751e8b465ee728b)
Start importing Assets/UI/Icons/Food Icon.png using Guid(fd0c1ad3271fe1f4ca519b737b702924) Importer(815301076,1909f56bfc062723c751e8b465ee728b)  -> (artifact id: '22e3f0722faf1bbdaef3f0bdbe70f6f0') in 1.290119 seconds 
  Import took 1.298400 seconds .

========================================================================
Received Import Request.
  Time since last request: 0.000741 seconds.
  path: Assets/UI/Icons/Money Icon.png
  artifactKey: Guid(acf2978406b8fe649b5918052cddf9ce) Importer(815301076,1909f56bfc062723c751e8b465ee728b)
Start importing Assets/UI/Icons/Money Icon.png using Guid(acf2978406b8fe649b5918052cddf9ce) Importer(815301076,1909f56bfc062723c751e8b465ee728b)  -> (artifact id: 'ace123fcfca676f887c56c9f67551659') in 0.122408 seconds 
  Import took 0.128729 seconds .

========================================================================
Received Import Request.
  Time since last request: 0.000587 seconds.
  path: Assets/UI/Icons/Reputation Icon.png
  artifactKey: Guid(2eccb50c645b969409f5d07b9b4add83) Importer(815301076,1909f56bfc062723c751e8b465ee728b)
Start importing Assets/UI/Icons/Reputation Icon.png using Guid(2eccb50c645b969409f5d07b9b4add83) Importer(815301076,1909f56bfc062723c751e8b465ee728b)  -> (artifact id: '6a7e8efec3c23668f8e0afd3b5b92187') in 0.109663 seconds 
  Import took 0.122771 seconds .

========================================================================
Received Import Request.
  Time since last request: 0.000802 seconds.
  path: Assets/UI/Icons/Power Icon.png
  artifactKey: Guid(37c4922bc9c661049908febfd6e68052) Importer(815301076,1909f56bfc062723c751e8b465ee728b)
Start importing Assets/UI/Icons/Power Icon.png using Guid(37c4922bc9c661049908febfd6e68052) Importer(815301076,1909f56bfc062723c751e8b465ee728b)  -> (artifact id: 'eb65cb3948b74b3b1aa2c06f8af59c94') in 0.128756 seconds 
  Import took 0.137365 seconds .

========================================================================
Received Import Request.
  Time since last request: 0.001217 seconds.
  path: Assets/UI/Icons/Pollution Icon.png
  artifactKey: Guid(534161a04f4f07a438703bb283915810) Importer(815301076,1909f56bfc062723c751e8b465ee728b)
Start importing Assets/UI/Icons/Pollution Icon.png using Guid(534161a04f4f07a438703bb283915810) Importer(815301076,1909f56bfc062723c751e8b465ee728b)  -> (artifact id: '73e4a88bd2c64fc7d76f8b17a3a53584') in 0.103339 seconds 
  Import took 0.114140 seconds .

========================================================================
Received Import Request.
  Time since last request: 0.000809 seconds.
  path: Assets/UI/Icons/Industry Icon.png
  artifactKey: Guid(01692132553e2f247a8d8185fa96e93c) Importer(815301076,1909f56bfc062723c751e8b465ee728b)
Start importing Assets/UI/Icons/Industry Icon.png using Guid(01692132553e2f247a8d8185fa96e93c) Importer(815301076,1909f56bfc062723c751e8b465ee728b)  -> (artifact id: '58f8d2a0ea7deb56640ef1958c07e066') in 0.115254 seconds 
  Import took 0.124083 seconds .

========================================================================
Received Import Request.
  Time since last request: 84.792806 seconds.
  path: Assets/UI/Icons/Food Icon.png
  artifactKey: Guid(fd0c1ad3271fe1f4ca519b737b702924) Importer(815301076,1909f56bfc062723c751e8b465ee728b)
Start importing Assets/UI/Icons/Food Icon.png using Guid(fd0c1ad3271fe1f4ca519b737b702924) Importer(815301076,1909f56bfc062723c751e8b465ee728b)  -> (artifact id: '0746327b8038ec254c8cc20a8f04e39d') in 0.241611 seconds 
  Import took 0.249767 seconds .

========================================================================
Received Import Request.
  Time since last request: 8.537730 seconds.
  path: Assets/UI/Icons/Industry Icon.png
  artifactKey: Guid(01692132553e2f247a8d8185fa96e93c) Importer(815301076,1909f56bfc062723c751e8b465ee728b)
Start importing Assets/UI/Icons/Industry Icon.png using Guid(01692132553e2f247a8d8185fa96e93c) Importer(815301076,1909f56bfc062723c751e8b465ee728b)  -> (artifact id: 'f6e5dbc7575b6bd855332173cf32ff3f') in 0.114294 seconds 
  Import took 0.121168 seconds .

========================================================================
Received Import Request.
  Time since last request: 8.522577 seconds.
  path: Assets/UI/Icons/Money Icon.png
  artifactKey: Guid(acf2978406b8fe649b5918052cddf9ce) Importer(815301076,1909f56bfc062723c751e8b465ee728b)
Start importing Assets/UI/Icons/Money Icon.png using Guid(acf2978406b8fe649b5918052cddf9ce) Importer(815301076,1909f56bfc062723c751e8b465ee728b)  -> (artifact id: '2eb31ac52a4de3c8eb4d389073fcf258') in 0.129522 seconds 
  Import took 0.136715 seconds .

========================================================================
Received Import Request.
  Time since last request: 4.570444 seconds.
  path: Assets/UI/Icons/Pollution Icon.png
  artifactKey: Guid(534161a04f4f07a438703bb283915810) Importer(815301076,1909f56bfc062723c751e8b465ee728b)
Start importing Assets/UI/Icons/Pollution Icon.png using Guid(534161a04f4f07a438703bb283915810) Importer(815301076,1909f56bfc062723c751e8b465ee728b)  -> (artifact id: '2344e239928cc79ea0c5db334b314177') in 0.146109 seconds 
  Import took 0.161505 seconds .

========================================================================
Received Import Request.
  Time since last request: 0.000405 seconds.
  path: Assets/UI/Icons/Reputation Icon.png
  artifactKey: Guid(2eccb50c645b969409f5d07b9b4add83) Importer(815301076,1909f56bfc062723c751e8b465ee728b)
Start importing Assets/UI/Icons/Reputation Icon.png using Guid(2eccb50c645b969409f5d07b9b4add83) Importer(815301076,1909f56bfc062723c751e8b465ee728b)  -> (artifact id: '520fb4ec085f466c5d5c0f7a0d18bce1') in 0.132612 seconds 
  Import took 0.141644 seconds .

========================================================================
Received Import Request.
  Time since last request: 0.000377 seconds.
  path: Assets/UI/Icons/Power Icon.png
  artifactKey: Guid(37c4922bc9c661049908febfd6e68052) Importer(815301076,1909f56bfc062723c751e8b465ee728b)
Start importing Assets/UI/Icons/Power Icon.png using Guid(37c4922bc9c661049908febfd6e68052) Importer(815301076,1909f56bfc062723c751e8b465ee728b)  -> (artifact id: 'df3fb6482c340b1d6217f89a29afc597') in 0.151012 seconds 
  Import took 0.159749 seconds .

========================================================================
Received Import Request.
  Time since last request: 51.453000 seconds.
  path: Assets/UI/Icons/Food Icon.png
  artifactKey: Guid(fd0c1ad3271fe1f4ca519b737b702924) Importer(815301076,1909f56bfc062723c751e8b465ee728b)
Start importing Assets/UI/Icons/Food Icon.png using Guid(fd0c1ad3271fe1f4ca519b737b702924) Importer(815301076,1909f56bfc062723c751e8b465ee728b)  -> (artifact id: 'ebb5d492c219f44a052d12c08894a199') in 0.139034 seconds 
  Import took 0.152378 seconds .

========================================================================
Received Import Request.
  Time since last request: 0.001196 seconds.
  path: Assets/UI/Icons/Money Icon.png
  artifactKey: Guid(acf2978406b8fe649b5918052cddf9ce) Importer(815301076,1909f56bfc062723c751e8b465ee728b)
Start importing Assets/UI/Icons/Money Icon.png using Guid(acf2978406b8fe649b5918052cddf9ce) Importer(815301076,1909f56bfc062723c751e8b465ee728b)  -> (artifact id: 'ae033584acfff10280b06744c1ea7b4b') in 0.090460 seconds 
  Import took 0.125136 seconds .

========================================================================
Received Import Request.
  Time since last request: 0.038886 seconds.
  path: Assets/UI/Icons/Reputation Icon.png
  artifactKey: Guid(2eccb50c645b969409f5d07b9b4add83) Importer(815301076,1909f56bfc062723c751e8b465ee728b)
Start importing Assets/UI/Icons/Reputation Icon.png using Guid(2eccb50c645b969409f5d07b9b4add83) Importer(815301076,1909f56bfc062723c751e8b465ee728b)  -> (artifact id: '9bcf1084bf0ba38c37fb6f42488ad8e1') in 0.143914 seconds 
  Import took 0.152961 seconds .

========================================================================
Received Import Request.
  Time since last request: 0.000515 seconds.
  path: Assets/UI/Icons/Power Icon.png
  artifactKey: Guid(37c4922bc9c661049908febfd6e68052) Importer(815301076,1909f56bfc062723c751e8b465ee728b)
Start importing Assets/UI/Icons/Power Icon.png using Guid(37c4922bc9c661049908febfd6e68052) Importer(815301076,1909f56bfc062723c751e8b465ee728b)  -> (artifact id: 'e406e403d2183556959e1ad9b3291e94') in 0.106616 seconds 
  Import took 0.116703 seconds .

========================================================================
Received Import Request.
  Time since last request: 0.000560 seconds.
  path: Assets/UI/Icons/Pollution Icon.png
  artifactKey: Guid(534161a04f4f07a438703bb283915810) Importer(815301076,1909f56bfc062723c751e8b465ee728b)
Start importing Assets/UI/Icons/Pollution Icon.png using Guid(534161a04f4f07a438703bb283915810) Importer(815301076,1909f56bfc062723c751e8b465ee728b)  -> (artifact id: '9e6d59d482d335f56f03f08441aefb19') in 0.111910 seconds 
  Import took 0.120737 seconds .

========================================================================
Received Import Request.
  Time since last request: 0.004424 seconds.
  path: Assets/UI/Icons/Industry Icon.png
  artifactKey: Guid(01692132553e2f247a8d8185fa96e93c) Importer(815301076,1909f56bfc062723c751e8b465ee728b)
Start importing Assets/UI/Icons/Industry Icon.png using Guid(01692132553e2f247a8d8185fa96e93c) Importer(815301076,1909f56bfc062723c751e8b465ee728b)  -> (artifact id: 'ed768cbcba5f58aa91df7a72b621e6e9') in 0.100245 seconds 
  Import took 0.113382 seconds .

========================================================================
Received Prepare
Registering precompiled user dll's ...
Registered in 0.058352 seconds.
Begin MonoManager ReloadAssembly
Native extension for WindowsStandalone target not found
Refreshing native plugins compatible for Editor in 0.83 ms, found 2 plugins.
Preloading 0 native plugins for Editor in 0.00 ms.
Mono: successfully reloaded assembly
- Completed reload, in  7.432 seconds
Domain Reload Profiling:
	ReloadAssembly (7434ms)
		BeginReloadAssembly (759ms)
			ExecutionOrderSort (0ms)
			DisableScriptedObjects (33ms)
			BackupInstance (0ms)
			ReleaseScriptingObjects (0ms)
			CreateAndSetChildDomain (350ms)
		EndReloadAssembly (6356ms)
			LoadAssemblies (528ms)
			RebuildTransferFunctionScriptingTraits (0ms)
			SetupTypeCache (1577ms)
			ReleaseScriptCaches (7ms)
			RebuildScriptCaches (194ms)
			SetupLoadedEditorAssemblies (3114ms)
				LogAssemblyErrors (0ms)
				InitializePlatformSupportModulesInManaged (30ms)
				SetLoadedEditorAssemblies (2ms)
				RefreshPlugins (1ms)
				BeforeProcessingInitializeOnLoad (464ms)
				ProcessInitializeOnLoadAttributes (2532ms)
				ProcessInitializeOnLoadMethodAttributes (62ms)
				AfterProcessingInitializeOnLoad (19ms)
				EditorAssembliesLoaded (5ms)
			ExecutionOrderSort2 (0ms)
			AwakeInstancesAfterBackupRestoration (64ms)
Platform modules already initialized, skipping
Refreshing native plugins compatible for Editor in 5.81 ms, found 2 plugins.
Preloading 0 native plugins for Editor in 0.00 ms.
Unloading 1496 Unused Serialized files (Serialized files now loaded: 0)
System memory in use before: 90.8 MB.
System memory in use after: 90.9 MB.

Unloading 14 unused Assets to reduce memory usage. Loaded Objects now: 1970.
Total: 34.242800 ms (FindLiveObjects: 0.505200 ms CreateObjectMapping: 0.301300 ms MarkObjects: 33.374000 ms  DeleteObjects: 0.058200 ms)

AssetImportParameters requested are different than current active one (requested -> active):
  custom:framework-win-MediaFoundation: 216162199b28c13a410421893ffa2e32 -> 
  custom:video-decoder-ogg-theora: a1e56fd34408186e4bbccfd4996cb3dc -> 
  custom:container-muxer-webm: aa71ff27fc2769a1b78a27578f13a17b -> 
  custom:container-demuxer-webm: 4f35f7cbe854078d1ac9338744f61a02 -> 
  custom:container-demuxer-ogg: 62fdf1f143b41e24485cea50d1cbac27 -> 
  custom:video-encoder-webm-vp8: eb34c28f22e8b96e1ab97ce403110664 -> 
  custom:video-decoder-webm-vp8: 9c59270c3fd7afecdb556c50c9e8de78 -> 
  custom:audio-decoder-ogg-vorbis: bf7c407c2cedff20999df2af8eb42d56 -> 
  custom:audio-encoder-webm-vorbis: bf7c407c2cedff20999df2af8eb42d56 -> 
========================================================================
Received Prepare
Registering precompiled user dll's ...
Registered in 0.037233 seconds.
Begin MonoManager ReloadAssembly
Native extension for WindowsStandalone target not found
Refreshing native plugins compatible for Editor in 0.91 ms, found 2 plugins.
Preloading 0 native plugins for Editor in 0.00 ms.
Mono: successfully reloaded assembly
- Completed reload, in  5.870 seconds
Domain Reload Profiling:
	ReloadAssembly (5872ms)
		BeginReloadAssembly (468ms)
			ExecutionOrderSort (0ms)
			DisableScriptedObjects (29ms)
			BackupInstance (0ms)
			ReleaseScriptingObjects (0ms)
			CreateAndSetChildDomain (134ms)
		EndReloadAssembly (5143ms)
			LoadAssemblies (409ms)
			RebuildTransferFunctionScriptingTraits (0ms)
			SetupTypeCache (2674ms)
			ReleaseScriptCaches (2ms)
			RebuildScriptCaches (157ms)
			SetupLoadedEditorAssemblies (1510ms)
				LogAssemblyErrors (0ms)
				InitializePlatformSupportModulesInManaged (27ms)
				SetLoadedEditorAssemblies (2ms)
				RefreshPlugins (1ms)
				BeforeProcessingInitializeOnLoad (367ms)
				ProcessInitializeOnLoadAttributes (1060ms)
				ProcessInitializeOnLoadMethodAttributes (41ms)
				AfterProcessingInitializeOnLoad (9ms)
				EditorAssembliesLoaded (3ms)
			ExecutionOrderSort2 (0ms)
			AwakeInstancesAfterBackupRestoration (34ms)
Platform modules already initialized, skipping
Refreshing native plugins compatible for Editor in 0.82 ms, found 2 plugins.
Preloading 0 native plugins for Editor in 0.00 ms.
Unloading 1496 Unused Serialized files (Serialized files now loaded: 0)
System memory in use before: 90.8 MB.
System memory in use after: 90.9 MB.

Unloading 14 unused Assets to reduce memory usage. Loaded Objects now: 1972.
Total: 7.538900 ms (FindLiveObjects: 0.441400 ms CreateObjectMapping: 0.148900 ms MarkObjects: 6.892200 ms  DeleteObjects: 0.052400 ms)

AssetImportParameters requested are different than current active one (requested -> active):
  custom:framework-win-MediaFoundation: 216162199b28c13a410421893ffa2e32 -> 
  custom:video-decoder-ogg-theora: a1e56fd34408186e4bbccfd4996cb3dc -> 
  custom:container-muxer-webm: aa71ff27fc2769a1b78a27578f13a17b -> 
  custom:container-demuxer-webm: 4f35f7cbe854078d1ac9338744f61a02 -> 
  custom:container-demuxer-ogg: 62fdf1f143b41e24485cea50d1cbac27 -> 
  custom:video-encoder-webm-vp8: eb34c28f22e8b96e1ab97ce403110664 -> 
  custom:video-decoder-webm-vp8: 9c59270c3fd7afecdb556c50c9e8de78 -> 
  custom:audio-decoder-ogg-vorbis: bf7c407c2cedff20999df2af8eb42d56 -> 
  custom:audio-encoder-webm-vorbis: bf7c407c2cedff20999df2af8eb42d56 -> 
========================================================================
Received Prepare
Registering precompiled user dll's ...
Registered in 1.116179 seconds.
Begin MonoManager ReloadAssembly
Native extension for WindowsStandalone target not found
Refreshing native plugins compatible for Editor in 6.99 ms, found 2 plugins.
Preloading 0 native plugins for Editor in 0.00 ms.
Mono: successfully reloaded assembly
- Completed reload, in 11.028 seconds
Domain Reload Profiling:
	ReloadAssembly (11029ms)
		BeginReloadAssembly (1056ms)
			ExecutionOrderSort (0ms)
			DisableScriptedObjects (84ms)
			BackupInstance (0ms)
			ReleaseScriptingObjects (0ms)
			CreateAndSetChildDomain (281ms)
		EndReloadAssembly (9426ms)
			LoadAssemblies (1104ms)
			RebuildTransferFunctionScriptingTraits (0ms)
			SetupTypeCache (3091ms)
			ReleaseScriptCaches (15ms)
			RebuildScriptCaches (521ms)
			SetupLoadedEditorAssemblies (3669ms)
				LogAssemblyErrors (0ms)
				InitializePlatformSupportModulesInManaged (38ms)
				SetLoadedEditorAssemblies (2ms)
				RefreshPlugins (7ms)
				BeforeProcessingInitializeOnLoad (720ms)
				ProcessInitializeOnLoadAttributes (2768ms)
				ProcessInitializeOnLoadMethodAttributes (114ms)
				AfterProcessingInitializeOnLoad (18ms)
				EditorAssembliesLoaded (1ms)
			ExecutionOrderSort2 (0ms)
			AwakeInstancesAfterBackupRestoration (82ms)
Platform modules already initialized, skipping
Refreshing native plugins compatible for Editor in 0.89 ms, found 2 plugins.
Preloading 0 native plugins for Editor in 0.00 ms.
Unloading 1496 Unused Serialized files (Serialized files now loaded: 0)
System memory in use before: 90.8 MB.
System memory in use after: 90.9 MB.

Unloading 14 unused Assets to reduce memory usage. Loaded Objects now: 1974.
Total: 23.902300 ms (FindLiveObjects: 1.025600 ms CreateObjectMapping: 5.376100 ms MarkObjects: 17.408300 ms  DeleteObjects: 0.089100 ms)

AssetImportParameters requested are different than current active one (requested -> active):
  custom:framework-win-MediaFoundation: 216162199b28c13a410421893ffa2e32 -> 
  custom:video-decoder-ogg-theora: a1e56fd34408186e4bbccfd4996cb3dc -> 
  custom:container-muxer-webm: aa71ff27fc2769a1b78a27578f13a17b -> 
  custom:container-demuxer-webm: 4f35f7cbe854078d1ac9338744f61a02 -> 
  custom:container-demuxer-ogg: 62fdf1f143b41e24485cea50d1cbac27 -> 
  custom:video-encoder-webm-vp8: eb34c28f22e8b96e1ab97ce403110664 -> 
  custom:video-decoder-webm-vp8: 9c59270c3fd7afecdb556c50c9e8de78 -> 
  custom:audio-decoder-ogg-vorbis: bf7c407c2cedff20999df2af8eb42d56 -> 
  custom:audio-encoder-webm-vorbis: bf7c407c2cedff20999df2af8eb42d56 -> 
========================================================================
Received Prepare
Registering precompiled user dll's ...
Registered in 0.069960 seconds.
Begin MonoManager ReloadAssembly
Native extension for WindowsStandalone target not found
Refreshing native plugins compatible for Editor in 1.95 ms, found 2 plugins.
Preloading 0 native plugins for Editor in 0.00 ms.
Mono: successfully reloaded assembly
- Completed reload, in  9.395 seconds
Domain Reload Profiling:
	ReloadAssembly (9397ms)
		BeginReloadAssembly (996ms)
			ExecutionOrderSort (0ms)
			DisableScriptedObjects (211ms)
			BackupInstance (0ms)
			ReleaseScriptingObjects (0ms)
			CreateAndSetChildDomain (311ms)
		EndReloadAssembly (7743ms)
			LoadAssemblies (1336ms)
			RebuildTransferFunctionScriptingTraits (0ms)
			SetupTypeCache (2547ms)
			ReleaseScriptCaches (5ms)
			RebuildScriptCaches (229ms)
			SetupLoadedEditorAssemblies (2802ms)
				LogAssemblyErrors (0ms)
				InitializePlatformSupportModulesInManaged (31ms)
				SetLoadedEditorAssemblies (2ms)
				RefreshPlugins (2ms)
				BeforeProcessingInitializeOnLoad (415ms)
				ProcessInitializeOnLoadAttributes (2072ms)
				ProcessInitializeOnLoadMethodAttributes (266ms)
				AfterProcessingInitializeOnLoad (14ms)
				EditorAssembliesLoaded (1ms)
			ExecutionOrderSort2 (0ms)
			AwakeInstancesAfterBackupRestoration (134ms)
Platform modules already initialized, skipping
Refreshing native plugins compatible for Editor in 5.38 ms, found 2 plugins.
Preloading 0 native plugins for Editor in 0.00 ms.
Unloading 1496 Unused Serialized files (Serialized files now loaded: 0)
System memory in use before: 90.8 MB.
System memory in use after: 90.9 MB.

Unloading 14 unused Assets to reduce memory usage. Loaded Objects now: 1976.
Total: 8.887800 ms (FindLiveObjects: 1.255400 ms CreateObjectMapping: 0.207800 ms MarkObjects: 7.289400 ms  DeleteObjects: 0.132100 ms)

AssetImportParameters requested are different than current active one (requested -> active):
  custom:framework-win-MediaFoundation: 216162199b28c13a410421893ffa2e32 -> 
  custom:video-decoder-ogg-theora: a1e56fd34408186e4bbccfd4996cb3dc -> 
  custom:container-muxer-webm: aa71ff27fc2769a1b78a27578f13a17b -> 
  custom:container-demuxer-webm: 4f35f7cbe854078d1ac9338744f61a02 -> 
  custom:container-demuxer-ogg: 62fdf1f143b41e24485cea50d1cbac27 -> 
  custom:video-encoder-webm-vp8: eb34c28f22e8b96e1ab97ce403110664 -> 
  custom:video-decoder-webm-vp8: 9c59270c3fd7afecdb556c50c9e8de78 -> 
  custom:audio-decoder-ogg-vorbis: bf7c407c2cedff20999df2af8eb42d56 -> 
  custom:audio-encoder-webm-vorbis: bf7c407c2cedff20999df2af8eb42d56 -> 
========================================================================
Received Prepare
Registering precompiled user dll's ...
Registered in 0.031246 seconds.
Begin MonoManager ReloadAssembly
Native extension for WindowsStandalone target not found
Refreshing native plugins compatible for Editor in 0.85 ms, found 2 plugins.
Preloading 0 native plugins for Editor in 0.00 ms.
Mono: successfully reloaded assembly
- Completed reload, in  7.738 seconds
Domain Reload Profiling:
	ReloadAssembly (7739ms)
		BeginReloadAssembly (467ms)
			ExecutionOrderSort (0ms)
			DisableScriptedObjects (27ms)
			BackupInstance (0ms)
			ReleaseScriptingObjects (0ms)
			CreateAndSetChildDomain (123ms)
		EndReloadAssembly (6960ms)
			LoadAssemblies (615ms)
			RebuildTransferFunctionScriptingTraits (0ms)
			SetupTypeCache (2832ms)
			ReleaseScriptCaches (2ms)
			RebuildScriptCaches (317ms)
			SetupLoadedEditorAssemblies (2647ms)
				LogAssemblyErrors (0ms)
				InitializePlatformSupportModulesInManaged (23ms)
				SetLoadedEditorAssemblies (1ms)
				RefreshPlugins (1ms)
				BeforeProcessingInitializeOnLoad (554ms)
				ProcessInitializeOnLoadAttributes (2021ms)
				ProcessInitializeOnLoadMethodAttributes (39ms)
				AfterProcessingInitializeOnLoad (8ms)
				EditorAssembliesLoaded (1ms)
			ExecutionOrderSort2 (0ms)
			AwakeInstancesAfterBackupRestoration (33ms)
Platform modules already initialized, skipping
Refreshing native plugins compatible for Editor in 0.88 ms, found 2 plugins.
Preloading 0 native plugins for Editor in 0.00 ms.
Unloading 1496 Unused Serialized files (Serialized files now loaded: 0)
System memory in use before: 90.8 MB.
System memory in use after: 90.9 MB.

Unloading 14 unused Assets to reduce memory usage. Loaded Objects now: 1978.
Total: 9.999600 ms (FindLiveObjects: 0.531100 ms CreateObjectMapping: 0.173600 ms MarkObjects: 9.230900 ms  DeleteObjects: 0.059600 ms)

AssetImportParameters requested are different than current active one (requested -> active):
  custom:framework-win-MediaFoundation: 216162199b28c13a410421893ffa2e32 -> 
  custom:video-decoder-ogg-theora: a1e56fd34408186e4bbccfd4996cb3dc -> 
  custom:container-muxer-webm: aa71ff27fc2769a1b78a27578f13a17b -> 
  custom:container-demuxer-webm: 4f35f7cbe854078d1ac9338744f61a02 -> 
  custom:container-demuxer-ogg: 62fdf1f143b41e24485cea50d1cbac27 -> 
  custom:video-encoder-webm-vp8: eb34c28f22e8b96e1ab97ce403110664 -> 
  custom:video-decoder-webm-vp8: 9c59270c3fd7afecdb556c50c9e8de78 -> 
  custom:audio-decoder-ogg-vorbis: bf7c407c2cedff20999df2af8eb42d56 -> 
  custom:audio-encoder-webm-vorbis: bf7c407c2cedff20999df2af8eb42d56 -> 
========================================================================
Received Prepare
Registering precompiled user dll's ...
Registered in 0.034764 seconds.
Begin MonoManager ReloadAssembly
Native extension for WindowsStandalone target not found
Refreshing native plugins compatible for Editor in 0.89 ms, found 2 plugins.
Preloading 0 native plugins for Editor in 0.00 ms.
Mono: successfully reloaded assembly
- Completed reload, in  4.171 seconds
Domain Reload Profiling:
	ReloadAssembly (4172ms)
		BeginReloadAssembly (453ms)
			ExecutionOrderSort (0ms)
			DisableScriptedObjects (21ms)
			BackupInstance (0ms)
			ReleaseScriptingObjects (0ms)
			CreateAndSetChildDomain (125ms)
		EndReloadAssembly (3426ms)
			LoadAssemblies (393ms)
			RebuildTransferFunctionScriptingTraits (0ms)
			SetupTypeCache (1092ms)
			ReleaseScriptCaches (7ms)
			RebuildScriptCaches (175ms)
			SetupLoadedEditorAssemblies (1432ms)
				LogAssemblyErrors (0ms)
				InitializePlatformSupportModulesInManaged (23ms)
				SetLoadedEditorAssemblies (2ms)
				RefreshPlugins (1ms)
				BeforeProcessingInitializeOnLoad (268ms)
				ProcessInitializeOnLoadAttributes (1097ms)
				ProcessInitializeOnLoadMethodAttributes (32ms)
				AfterProcessingInitializeOnLoad (8ms)
				EditorAssembliesLoaded (1ms)
			ExecutionOrderSort2 (2ms)
			AwakeInstancesAfterBackupRestoration (28ms)
Platform modules already initialized, skipping
Refreshing native plugins compatible for Editor in 1.49 ms, found 2 plugins.
Preloading 0 native plugins for Editor in 0.00 ms.
Unloading 1496 Unused Serialized files (Serialized files now loaded: 0)
System memory in use before: 90.8 MB.
System memory in use after: 90.9 MB.

Unloading 14 unused Assets to reduce memory usage. Loaded Objects now: 1980.
Total: 8.188900 ms (FindLiveObjects: 0.499400 ms CreateObjectMapping: 0.199300 ms MarkObjects: 7.342400 ms  DeleteObjects: 0.142400 ms)

AssetImportParameters requested are different than current active one (requested -> active):
  custom:framework-win-MediaFoundation: 216162199b28c13a410421893ffa2e32 -> 
  custom:video-decoder-ogg-theora: a1e56fd34408186e4bbccfd4996cb3dc -> 
  custom:container-muxer-webm: aa71ff27fc2769a1b78a27578f13a17b -> 
  custom:container-demuxer-webm: 4f35f7cbe854078d1ac9338744f61a02 -> 
  custom:container-demuxer-ogg: 62fdf1f143b41e24485cea50d1cbac27 -> 
  custom:video-encoder-webm-vp8: eb34c28f22e8b96e1ab97ce403110664 -> 
  custom:video-decoder-webm-vp8: 9c59270c3fd7afecdb556c50c9e8de78 -> 
  custom:audio-decoder-ogg-vorbis: bf7c407c2cedff20999df2af8eb42d56 -> 
  custom:audio-encoder-webm-vorbis: bf7c407c2cedff20999df2af8eb42d56 -> 
========================================================================
Received Prepare
Registering precompiled user dll's ...
Registered in 0.038189 seconds.
Begin MonoManager ReloadAssembly
Native extension for WindowsStandalone target not found
Refreshing native plugins compatible for Editor in 0.84 ms, found 2 plugins.
Preloading 0 native plugins for Editor in 0.00 ms.
Mono: successfully reloaded assembly
- Completed reload, in  4.828 seconds
Domain Reload Profiling:
	ReloadAssembly (4829ms)
		BeginReloadAssembly (424ms)
			ExecutionOrderSort (0ms)
			DisableScriptedObjects (28ms)
			BackupInstance (0ms)
			ReleaseScriptingObjects (0ms)
			CreateAndSetChildDomain (155ms)
		EndReloadAssembly (4199ms)
			LoadAssemblies (462ms)
			RebuildTransferFunctionScriptingTraits (0ms)
			SetupTypeCache (1101ms)
			ReleaseScriptCaches (2ms)
			RebuildScriptCaches (139ms)
			SetupLoadedEditorAssemblies (1103ms)
				LogAssemblyErrors (0ms)
				InitializePlatformSupportModulesInManaged (15ms)
				SetLoadedEditorAssemblies (2ms)
				RefreshPlugins (1ms)
				BeforeProcessingInitializeOnLoad (233ms)
				ProcessInitializeOnLoadAttributes (822ms)
				ProcessInitializeOnLoadMethodAttributes (24ms)
				AfterProcessingInitializeOnLoad (6ms)
				EditorAssembliesLoaded (1ms)
			ExecutionOrderSort2 (0ms)
			AwakeInstancesAfterBackupRestoration (28ms)
Platform modules already initialized, skipping
Refreshing native plugins compatible for Editor in 0.85 ms, found 2 plugins.
Preloading 0 native plugins for Editor in 0.00 ms.
Unloading 1496 Unused Serialized files (Serialized files now loaded: 0)
System memory in use before: 90.8 MB.
System memory in use after: 90.9 MB.

Unloading 14 unused Assets to reduce memory usage. Loaded Objects now: 1982.
Total: 10.867300 ms (FindLiveObjects: 2.469400 ms CreateObjectMapping: 0.178800 ms MarkObjects: 8.153600 ms  DeleteObjects: 0.060100 ms)

AssetImportParameters requested are different than current active one (requested -> active):
  custom:framework-win-MediaFoundation: 216162199b28c13a410421893ffa2e32 -> 
  custom:video-decoder-ogg-theora: a1e56fd34408186e4bbccfd4996cb3dc -> 
  custom:container-muxer-webm: aa71ff27fc2769a1b78a27578f13a17b -> 
  custom:container-demuxer-webm: 4f35f7cbe854078d1ac9338744f61a02 -> 
  custom:container-demuxer-ogg: 62fdf1f143b41e24485cea50d1cbac27 -> 
  custom:video-encoder-webm-vp8: eb34c28f22e8b96e1ab97ce403110664 -> 
  custom:video-decoder-webm-vp8: 9c59270c3fd7afecdb556c50c9e8de78 -> 
  custom:audio-decoder-ogg-vorbis: bf7c407c2cedff20999df2af8eb42d56 -> 
  custom:audio-encoder-webm-vorbis: bf7c407c2cedff20999df2af8eb42d56 -> 
========================================================================
Received Prepare
Registering precompiled user dll's ...
Registered in 0.049056 seconds.
Begin MonoManager ReloadAssembly
Native extension for WindowsStandalone target not found
Refreshing native plugins compatible for Editor in 0.85 ms, found 2 plugins.
Preloading 0 native plugins for Editor in 0.00 ms.
Mono: successfully reloaded assembly
- Completed reload, in 13.600 seconds
Domain Reload Profiling:
	ReloadAssembly (13604ms)
		BeginReloadAssembly (3555ms)
			ExecutionOrderSort (0ms)
			DisableScriptedObjects (137ms)
			BackupInstance (0ms)
			ReleaseScriptingObjects (0ms)
			CreateAndSetChildDomain (265ms)
		EndReloadAssembly (9800ms)
			LoadAssemblies (722ms)
			RebuildTransferFunctionScriptingTraits (0ms)
			SetupTypeCache (2931ms)
			ReleaseScriptCaches (3ms)
			RebuildScriptCaches (1548ms)
			SetupLoadedEditorAssemblies (2881ms)
				LogAssemblyErrors (0ms)
				InitializePlatformSupportModulesInManaged (18ms)
				SetLoadedEditorAssemblies (1ms)
				RefreshPlugins (1ms)
				BeforeProcessingInitializeOnLoad (308ms)
				ProcessInitializeOnLoadAttributes (2008ms)
				ProcessInitializeOnLoadMethodAttributes (533ms)
				AfterProcessingInitializeOnLoad (10ms)
				EditorAssembliesLoaded (1ms)
			ExecutionOrderSort2 (0ms)
			AwakeInstancesAfterBackupRestoration (235ms)
Platform modules already initialized, skipping
Refreshing native plugins compatible for Editor in 0.76 ms, found 2 plugins.
Preloading 0 native plugins for Editor in 0.00 ms.
Unloading 1496 Unused Serialized files (Serialized files now loaded: 0)
System memory in use before: 90.8 MB.
System memory in use after: 90.9 MB.

Unloading 14 unused Assets to reduce memory usage. Loaded Objects now: 1984.
Total: 9.349500 ms (FindLiveObjects: 1.230200 ms CreateObjectMapping: 0.332300 ms MarkObjects: 7.729300 ms  DeleteObjects: 0.053500 ms)

AssetImportParameters requested are different than current active one (requested -> active):
  custom:framework-win-MediaFoundation: 216162199b28c13a410421893ffa2e32 -> 
  custom:video-decoder-ogg-theora: a1e56fd34408186e4bbccfd4996cb3dc -> 
  custom:container-muxer-webm: aa71ff27fc2769a1b78a27578f13a17b -> 
  custom:container-demuxer-webm: 4f35f7cbe854078d1ac9338744f61a02 -> 
  custom:container-demuxer-ogg: 62fdf1f143b41e24485cea50d1cbac27 -> 
  custom:video-encoder-webm-vp8: eb34c28f22e8b96e1ab97ce403110664 -> 
  custom:video-decoder-webm-vp8: 9c59270c3fd7afecdb556c50c9e8de78 -> 
  custom:audio-decoder-ogg-vorbis: bf7c407c2cedff20999df2af8eb42d56 -> 
  custom:audio-encoder-webm-vorbis: bf7c407c2cedff20999df2af8eb42d56 -> 
========================================================================
Received Prepare
Registering precompiled user dll's ...
Registered in 0.024976 seconds.
Begin MonoManager ReloadAssembly
Native extension for WindowsStandalone target not found
Refreshing native plugins compatible for Editor in 2.20 ms, found 2 plugins.
Preloading 0 native plugins for Editor in 0.00 ms.
Mono: successfully reloaded assembly
- Completed reload, in  8.455 seconds
Domain Reload Profiling:
	ReloadAssembly (8459ms)
		BeginReloadAssembly (878ms)
			ExecutionOrderSort (0ms)
			DisableScriptedObjects (58ms)
			BackupInstance (0ms)
			ReleaseScriptingObjects (0ms)
			CreateAndSetChildDomain (243ms)
		EndReloadAssembly (7253ms)
			LoadAssemblies (717ms)
			RebuildTransferFunctionScriptingTraits (0ms)
			SetupTypeCache (2277ms)
			ReleaseScriptCaches (3ms)
			RebuildScriptCaches (178ms)
			SetupLoadedEditorAssemblies (3678ms)
				LogAssemblyErrors (0ms)
				InitializePlatformSupportModulesInManaged (30ms)
				SetLoadedEditorAssemblies (2ms)
				RefreshPlugins (2ms)
				BeforeProcessingInitializeOnLoad (369ms)
				ProcessInitializeOnLoadAttributes (3186ms)
				ProcessInitializeOnLoadMethodAttributes (75ms)
				AfterProcessingInitializeOnLoad (7ms)
				EditorAssembliesLoaded (6ms)
			ExecutionOrderSort2 (0ms)
			AwakeInstancesAfterBackupRestoration (37ms)
Platform modules already initialized, skipping
Refreshing native plugins compatible for Editor in 0.90 ms, found 2 plugins.
Preloading 0 native plugins for Editor in 0.00 ms.
Unloading 1496 Unused Serialized files (Serialized files now loaded: 0)
System memory in use before: 90.8 MB.
System memory in use after: 90.9 MB.

Unloading 14 unused Assets to reduce memory usage. Loaded Objects now: 1986.
Total: 11.199500 ms (FindLiveObjects: 0.443300 ms CreateObjectMapping: 0.124400 ms MarkObjects: 10.371200 ms  DeleteObjects: 0.256000 ms)

AssetImportParameters requested are different than current active one (requested -> active):
  custom:framework-win-MediaFoundation: 216162199b28c13a410421893ffa2e32 -> 
  custom:video-decoder-ogg-theora: a1e56fd34408186e4bbccfd4996cb3dc -> 
  custom:container-muxer-webm: aa71ff27fc2769a1b78a27578f13a17b -> 
  custom:container-demuxer-webm: 4f35f7cbe854078d1ac9338744f61a02 -> 
  custom:container-demuxer-ogg: 62fdf1f143b41e24485cea50d1cbac27 -> 
  custom:video-encoder-webm-vp8: eb34c28f22e8b96e1ab97ce403110664 -> 
  custom:video-decoder-webm-vp8: 9c59270c3fd7afecdb556c50c9e8de78 -> 
  custom:audio-decoder-ogg-vorbis: bf7c407c2cedff20999df2af8eb42d56 -> 
  custom:audio-encoder-webm-vorbis: bf7c407c2cedff20999df2af8eb42d56 -> 
========================================================================
Received Prepare
Registering precompiled user dll's ...
Registered in 0.123212 seconds.
Begin MonoManager ReloadAssembly
Native extension for WindowsStandalone target not found
Refreshing native plugins compatible for Editor in 1.20 ms, found 2 plugins.
Preloading 0 native plugins for Editor in 0.00 ms.
Mono: successfully reloaded assembly
- Completed reload, in  9.452 seconds
Domain Reload Profiling:
	ReloadAssembly (9453ms)
		BeginReloadAssembly (874ms)
			ExecutionOrderSort (0ms)
			DisableScriptedObjects (40ms)
			BackupInstance (0ms)
			ReleaseScriptingObjects (0ms)
			CreateAndSetChildDomain (410ms)
		EndReloadAssembly (8151ms)
			LoadAssemblies (931ms)
			RebuildTransferFunctionScriptingTraits (0ms)
			SetupTypeCache (2680ms)
			ReleaseScriptCaches (3ms)
			RebuildScriptCaches (200ms)
			SetupLoadedEditorAssemblies (3568ms)
				LogAssemblyErrors (0ms)
				InitializePlatformSupportModulesInManaged (35ms)
				SetLoadedEditorAssemblies (2ms)
				RefreshPlugins (1ms)
				BeforeProcessingInitializeOnLoad (763ms)
				ProcessInitializeOnLoadAttributes (2619ms)
				ProcessInitializeOnLoadMethodAttributes (130ms)
				AfterProcessingInitializeOnLoad (16ms)
				EditorAssembliesLoaded (1ms)
			ExecutionOrderSort2 (0ms)
			AwakeInstancesAfterBackupRestoration (250ms)
Platform modules already initialized, skipping
Refreshing native plugins compatible for Editor in 15.35 ms, found 2 plugins.
Preloading 0 native plugins for Editor in 0.00 ms.
Unloading 1496 Unused Serialized files (Serialized files now loaded: 0)
System memory in use before: 90.8 MB.
System memory in use after: 90.9 MB.

Unloading 14 unused Assets to reduce memory usage. Loaded Objects now: 1988.
Total: 39.482500 ms (FindLiveObjects: 0.517900 ms CreateObjectMapping: 0.181600 ms MarkObjects: 38.721700 ms  DeleteObjects: 0.056300 ms)

AssetImportParameters requested are different than current active one (requested -> active):
  custom:framework-win-MediaFoundation: 216162199b28c13a410421893ffa2e32 -> 
  custom:video-decoder-ogg-theora: a1e56fd34408186e4bbccfd4996cb3dc -> 
  custom:container-muxer-webm: aa71ff27fc2769a1b78a27578f13a17b -> 
  custom:container-demuxer-webm: 4f35f7cbe854078d1ac9338744f61a02 -> 
  custom:container-demuxer-ogg: 62fdf1f143b41e24485cea50d1cbac27 -> 
  custom:video-encoder-webm-vp8: eb34c28f22e8b96e1ab97ce403110664 -> 
  custom:video-decoder-webm-vp8: 9c59270c3fd7afecdb556c50c9e8de78 -> 
  custom:audio-decoder-ogg-vorbis: bf7c407c2cedff20999df2af8eb42d56 -> 
  custom:audio-encoder-webm-vorbis: bf7c407c2cedff20999df2af8eb42d56 -> 
========================================================================
Received Prepare
Registering precompiled user dll's ...
Registered in 0.068799 seconds.
Begin MonoManager ReloadAssembly
Native extension for WindowsStandalone target not found
Refreshing native plugins compatible for Editor in 1.56 ms, found 2 plugins.
Preloading 0 native plugins for Editor in 0.00 ms.
Mono: successfully reloaded assembly
- Completed reload, in  8.457 seconds
Domain Reload Profiling:
	ReloadAssembly (8458ms)
		BeginReloadAssembly (1291ms)
			ExecutionOrderSort (0ms)
			DisableScriptedObjects (27ms)
			BackupInstance (0ms)
			ReleaseScriptingObjects (0ms)
			CreateAndSetChildDomain (353ms)
		EndReloadAssembly (6054ms)
			LoadAssemblies (1102ms)
			RebuildTransferFunctionScriptingTraits (0ms)
			SetupTypeCache (2245ms)
			ReleaseScriptCaches (4ms)
			RebuildScriptCaches (218ms)
			SetupLoadedEditorAssemblies (2277ms)
				LogAssemblyErrors (0ms)
				InitializePlatformSupportModulesInManaged (27ms)
				SetLoadedEditorAssemblies (4ms)
				RefreshPlugins (2ms)
				BeforeProcessingInitializeOnLoad (404ms)
				ProcessInitializeOnLoadAttributes (1761ms)
				ProcessInitializeOnLoadMethodAttributes (65ms)
				AfterProcessingInitializeOnLoad (13ms)
				EditorAssembliesLoaded (1ms)
			ExecutionOrderSort2 (0ms)
			AwakeInstancesAfterBackupRestoration (35ms)
Platform modules already initialized, skipping
Refreshing native plugins compatible for Editor in 1.02 ms, found 2 plugins.
Preloading 0 native plugins for Editor in 0.00 ms.
Unloading 1496 Unused Serialized files (Serialized files now loaded: 0)
System memory in use before: 90.8 MB.
System memory in use after: 90.9 MB.

Unloading 14 unused Assets to reduce memory usage. Loaded Objects now: 1990.
Total: 13.299200 ms (FindLiveObjects: 0.558900 ms CreateObjectMapping: 0.119800 ms MarkObjects: 12.555200 ms  DeleteObjects: 0.060900 ms)

AssetImportParameters requested are different than current active one (requested -> active):
  custom:framework-win-MediaFoundation: 216162199b28c13a410421893ffa2e32 -> 
  custom:video-decoder-ogg-theora: a1e56fd34408186e4bbccfd4996cb3dc -> 
  custom:container-muxer-webm: aa71ff27fc2769a1b78a27578f13a17b -> 
  custom:container-demuxer-webm: 4f35f7cbe854078d1ac9338744f61a02 -> 
  custom:container-demuxer-ogg: 62fdf1f143b41e24485cea50d1cbac27 -> 
  custom:video-encoder-webm-vp8: eb34c28f22e8b96e1ab97ce403110664 -> 
  custom:video-decoder-webm-vp8: 9c59270c3fd7afecdb556c50c9e8de78 -> 
  custom:audio-decoder-ogg-vorbis: bf7c407c2cedff20999df2af8eb42d56 -> 
  custom:audio-encoder-webm-vorbis: bf7c407c2cedff20999df2af8eb42d56 -> 
========================================================================
Received Prepare
Registering precompiled user dll's ...
Registered in 0.198029 seconds.
Begin MonoManager ReloadAssembly
Native extension for WindowsStandalone target not found
Refreshing native plugins compatible for Editor in 0.89 ms, found 2 plugins.
Preloading 0 native plugins for Editor in 0.00 ms.
Mono: successfully reloaded assembly
- Completed reload, in  5.849 seconds
Domain Reload Profiling:
	ReloadAssembly (5850ms)
		BeginReloadAssembly (651ms)
			ExecutionOrderSort (0ms)
			DisableScriptedObjects (31ms)
			BackupInstance (0ms)
			ReleaseScriptingObjects (0ms)
			CreateAndSetChildDomain (175ms)
		EndReloadAssembly (4715ms)
			LoadAssemblies (612ms)
			RebuildTransferFunctionScriptingTraits (0ms)
			SetupTypeCache (1774ms)
			ReleaseScriptCaches (2ms)
			RebuildScriptCaches (190ms)
			SetupLoadedEditorAssemblies (1813ms)
				LogAssemblyErrors (0ms)
				InitializePlatformSupportModulesInManaged (31ms)
				SetLoadedEditorAssemblies (1ms)
				RefreshPlugins (1ms)
				BeforeProcessingInitializeOnLoad (370ms)
				ProcessInitializeOnLoadAttributes (1333ms)
				ProcessInitializeOnLoadMethodAttributes (65ms)
				AfterProcessingInitializeOnLoad (11ms)
				EditorAssembliesLoaded (1ms)
			ExecutionOrderSort2 (0ms)
			AwakeInstancesAfterBackupRestoration (35ms)
Platform modules already initialized, skipping
Refreshing native plugins compatible for Editor in 0.89 ms, found 2 plugins.
Preloading 0 native plugins for Editor in 0.00 ms.
Unloading 1496 Unused Serialized files (Serialized files now loaded: 0)
System memory in use before: 90.8 MB.
System memory in use after: 90.9 MB.

Unloading 14 unused Assets to reduce memory usage. Loaded Objects now: 1992.
Total: 17.576000 ms (FindLiveObjects: 0.485200 ms CreateObjectMapping: 0.153700 ms MarkObjects: 8.521200 ms  DeleteObjects: 8.411200 ms)

AssetImportParameters requested are different than current active one (requested -> active):
  custom:framework-win-MediaFoundation: 216162199b28c13a410421893ffa2e32 -> 
  custom:video-decoder-ogg-theora: a1e56fd34408186e4bbccfd4996cb3dc -> 
  custom:container-muxer-webm: aa71ff27fc2769a1b78a27578f13a17b -> 
  custom:container-demuxer-webm: 4f35f7cbe854078d1ac9338744f61a02 -> 
  custom:container-demuxer-ogg: 62fdf1f143b41e24485cea50d1cbac27 -> 
  custom:video-encoder-webm-vp8: eb34c28f22e8b96e1ab97ce403110664 -> 
  custom:video-decoder-webm-vp8: 9c59270c3fd7afecdb556c50c9e8de78 -> 
  custom:audio-decoder-ogg-vorbis: bf7c407c2cedff20999df2af8eb42d56 -> 
  custom:audio-encoder-webm-vorbis: bf7c407c2cedff20999df2af8eb42d56 -> 
========================================================================
Received Prepare
Registering precompiled user dll's ...
Registered in 0.050817 seconds.
Begin MonoManager ReloadAssembly
Native extension for WindowsStandalone target not found
Refreshing native plugins compatible for Editor in 1.87 ms, found 2 plugins.
Preloading 0 native plugins for Editor in 0.00 ms.
Mono: successfully reloaded assembly
- Completed reload, in  9.082 seconds
Domain Reload Profiling:
	ReloadAssembly (9083ms)
		BeginReloadAssembly (2332ms)
			ExecutionOrderSort (0ms)
			DisableScriptedObjects (48ms)
			BackupInstance (0ms)
			ReleaseScriptingObjects (0ms)
			CreateAndSetChildDomain (347ms)
		EndReloadAssembly (6101ms)
			LoadAssemblies (1791ms)
			RebuildTransferFunctionScriptingTraits (0ms)
			SetupTypeCache (1971ms)
			ReleaseScriptCaches (3ms)
			RebuildScriptCaches (554ms)
			SetupLoadedEditorAssemblies (2268ms)
				LogAssemblyErrors (0ms)
				InitializePlatformSupportModulesInManaged (32ms)
				SetLoadedEditorAssemblies (2ms)
				RefreshPlugins (2ms)
				BeforeProcessingInitializeOnLoad (458ms)
				ProcessInitializeOnLoadAttributes (1671ms)
				ProcessInitializeOnLoadMethodAttributes (69ms)
				AfterProcessingInitializeOnLoad (33ms)
				EditorAssembliesLoaded (1ms)
			ExecutionOrderSort2 (0ms)
			AwakeInstancesAfterBackupRestoration (127ms)
Platform modules already initialized, skipping
Refreshing native plugins compatible for Editor in 13.05 ms, found 2 plugins.
Preloading 0 native plugins for Editor in 0.00 ms.
Unloading 1496 Unused Serialized files (Serialized files now loaded: 0)
System memory in use before: 90.8 MB.
System memory in use after: 91.0 MB.

Unloading 14 unused Assets to reduce memory usage. Loaded Objects now: 1994.
Total: 39.412400 ms (FindLiveObjects: 0.435000 ms CreateObjectMapping: 0.156100 ms MarkObjects: 38.767000 ms  DeleteObjects: 0.050200 ms)

AssetImportParameters requested are different than current active one (requested -> active):
  custom:framework-win-MediaFoundation: 216162199b28c13a410421893ffa2e32 -> 
  custom:video-decoder-ogg-theora: a1e56fd34408186e4bbccfd4996cb3dc -> 
  custom:container-muxer-webm: aa71ff27fc2769a1b78a27578f13a17b -> 
  custom:container-demuxer-webm: 4f35f7cbe854078d1ac9338744f61a02 -> 
  custom:container-demuxer-ogg: 62fdf1f143b41e24485cea50d1cbac27 -> 
  custom:video-encoder-webm-vp8: eb34c28f22e8b96e1ab97ce403110664 -> 
  custom:video-decoder-webm-vp8: 9c59270c3fd7afecdb556c50c9e8de78 -> 
  custom:audio-decoder-ogg-vorbis: bf7c407c2cedff20999df2af8eb42d56 -> 
  custom:audio-encoder-webm-vorbis: bf7c407c2cedff20999df2af8eb42d56 -> 
========================================================================
Received Prepare
Registering precompiled user dll's ...
Registered in 0.237119 seconds.
Begin MonoManager ReloadAssembly
Native extension for WindowsStandalone target not found
Refreshing native plugins compatible for Editor in 0.82 ms, found 2 plugins.
Preloading 0 native plugins for Editor in 0.00 ms.
Mono: successfully reloaded assembly
- Completed reload, in  9.209 seconds
Domain Reload Profiling:
	ReloadAssembly (9213ms)
		BeginReloadAssembly (543ms)
			ExecutionOrderSort (0ms)
			DisableScriptedObjects (24ms)
			BackupInstance (0ms)
			ReleaseScriptingObjects (0ms)
			CreateAndSetChildDomain (200ms)
		EndReloadAssembly (8390ms)
			LoadAssemblies (499ms)
			RebuildTransferFunctionScriptingTraits (0ms)
			SetupTypeCache (3014ms)
			ReleaseScriptCaches (5ms)
			RebuildScriptCaches (419ms)
			SetupLoadedEditorAssemblies (3432ms)
				LogAssemblyErrors (0ms)
				InitializePlatformSupportModulesInManaged (47ms)
				SetLoadedEditorAssemblies (4ms)
				RefreshPlugins (1ms)
				BeforeProcessingInitializeOnLoad (594ms)
				ProcessInitializeOnLoadAttributes (2693ms)
				ProcessInitializeOnLoadMethodAttributes (79ms)
				AfterProcessingInitializeOnLoad (12ms)
				EditorAssembliesLoaded (1ms)
			ExecutionOrderSort2 (0ms)
			AwakeInstancesAfterBackupRestoration (23ms)
Platform modules already initialized, skipping
Refreshing native plugins compatible for Editor in 0.96 ms, found 2 plugins.
Preloading 0 native plugins for Editor in 0.00 ms.
Unloading 1496 Unused Serialized files (Serialized files now loaded: 0)
System memory in use before: 90.8 MB.
System memory in use after: 91.0 MB.

Unloading 14 unused Assets to reduce memory usage. Loaded Objects now: 1996.
Total: 6.898900 ms (FindLiveObjects: 0.421900 ms CreateObjectMapping: 0.110200 ms MarkObjects: 6.161100 ms  DeleteObjects: 0.201000 ms)

AssetImportParameters requested are different than current active one (requested -> active):
  custom:framework-win-MediaFoundation: 216162199b28c13a410421893ffa2e32 -> 
  custom:video-decoder-ogg-theora: a1e56fd34408186e4bbccfd4996cb3dc -> 
  custom:container-muxer-webm: aa71ff27fc2769a1b78a27578f13a17b -> 
  custom:container-demuxer-webm: 4f35f7cbe854078d1ac9338744f61a02 -> 
  custom:container-demuxer-ogg: 62fdf1f143b41e24485cea50d1cbac27 -> 
  custom:video-encoder-webm-vp8: eb34c28f22e8b96e1ab97ce403110664 -> 
  custom:video-decoder-webm-vp8: 9c59270c3fd7afecdb556c50c9e8de78 -> 
  custom:audio-decoder-ogg-vorbis: bf7c407c2cedff20999df2af8eb42d56 -> 
  custom:audio-encoder-webm-vorbis: bf7c407c2cedff20999df2af8eb42d56 -> 
========================================================================
Received Prepare
Registering precompiled user dll's ...
Registered in 0.018485 seconds.
Begin MonoManager ReloadAssembly
Native extension for WindowsStandalone target not found
Refreshing native plugins compatible for Editor in 1.02 ms, found 2 plugins.
Preloading 0 native plugins for Editor in 0.00 ms.
Mono: successfully reloaded assembly
- Completed reload, in  4.728 seconds
Domain Reload Profiling:
	ReloadAssembly (4730ms)
		BeginReloadAssembly (422ms)
			ExecutionOrderSort (0ms)
			DisableScriptedObjects (10ms)
			BackupInstance (0ms)
			ReleaseScriptingObjects (0ms)
			CreateAndSetChildDomain (176ms)
		EndReloadAssembly (4134ms)
			LoadAssemblies (296ms)
			RebuildTransferFunctionScriptingTraits (0ms)
			SetupTypeCache (934ms)
			ReleaseScriptCaches (3ms)
			RebuildScriptCaches (134ms)
			SetupLoadedEditorAssemblies (2287ms)
				LogAssemblyErrors (0ms)
				InitializePlatformSupportModulesInManaged (22ms)
				SetLoadedEditorAssemblies (2ms)
				RefreshPlugins (1ms)
				BeforeProcessingInitializeOnLoad (484ms)
				ProcessInitializeOnLoadAttributes (1722ms)
				ProcessInitializeOnLoadMethodAttributes (45ms)
				AfterProcessingInitializeOnLoad (11ms)
				EditorAssembliesLoaded (1ms)
			ExecutionOrderSort2 (0ms)
			AwakeInstancesAfterBackupRestoration (41ms)
Platform modules already initialized, skipping
Refreshing native plugins compatible for Editor in 14.17 ms, found 2 plugins.
Preloading 0 native plugins for Editor in 0.00 ms.
Unloading 1496 Unused Serialized files (Serialized files now loaded: 0)
System memory in use before: 90.9 MB.
System memory in use after: 91.0 MB.

Unloading 14 unused Assets to reduce memory usage. Loaded Objects now: 1998.
Total: 18.120500 ms (FindLiveObjects: 1.928800 ms CreateObjectMapping: 1.450200 ms MarkObjects: 14.670700 ms  DeleteObjects: 0.064500 ms)

AssetImportParameters requested are different than current active one (requested -> active):
  custom:framework-win-MediaFoundation: 216162199b28c13a410421893ffa2e32 -> 
  custom:video-decoder-ogg-theora: a1e56fd34408186e4bbccfd4996cb3dc -> 
  custom:container-muxer-webm: aa71ff27fc2769a1b78a27578f13a17b -> 
  custom:container-demuxer-webm: 4f35f7cbe854078d1ac9338744f61a02 -> 
  custom:container-demuxer-ogg: 62fdf1f143b41e24485cea50d1cbac27 -> 
  custom:video-encoder-webm-vp8: eb34c28f22e8b96e1ab97ce403110664 -> 
  custom:video-decoder-webm-vp8: 9c59270c3fd7afecdb556c50c9e8de78 -> 
  custom:audio-decoder-ogg-vorbis: bf7c407c2cedff20999df2af8eb42d56 -> 
  custom:audio-encoder-webm-vorbis: bf7c407c2cedff20999df2af8eb42d56 -> 
========================================================================
Received Prepare
Registering precompiled user dll's ...
Registered in 0.065999 seconds.
Begin MonoManager ReloadAssembly
Native extension for WindowsStandalone target not found
Refreshing native plugins compatible for Editor in 0.84 ms, found 2 plugins.
Preloading 0 native plugins for Editor in 0.00 ms.
Mono: successfully reloaded assembly
- Completed reload, in  3.428 seconds
Domain Reload Profiling:
	ReloadAssembly (3430ms)
		BeginReloadAssembly (380ms)
			ExecutionOrderSort (0ms)
			DisableScriptedObjects (20ms)
			BackupInstance (0ms)
			ReleaseScriptingObjects (0ms)
			CreateAndSetChildDomain (99ms)
		EndReloadAssembly (2790ms)
			LoadAssemblies (385ms)
			RebuildTransferFunctionScriptingTraits (1ms)
			SetupTypeCache (967ms)
			ReleaseScriptCaches (2ms)
			RebuildScriptCaches (115ms)
			SetupLoadedEditorAssemblies (1038ms)
				LogAssemblyErrors (0ms)
				InitializePlatformSupportModulesInManaged (18ms)
				SetLoadedEditorAssemblies (1ms)
				RefreshPlugins (1ms)
				BeforeProcessingInitializeOnLoad (244ms)
				ProcessInitializeOnLoadAttributes (745ms)
				ProcessInitializeOnLoadMethodAttributes (21ms)
				AfterProcessingInitializeOnLoad (7ms)
				EditorAssembliesLoaded (1ms)
			ExecutionOrderSort2 (0ms)
			AwakeInstancesAfterBackupRestoration (20ms)
Platform modules already initialized, skipping
Refreshing native plugins compatible for Editor in 1.62 ms, found 2 plugins.
Preloading 0 native plugins for Editor in 0.00 ms.
Unloading 1496 Unused Serialized files (Serialized files now loaded: 0)
System memory in use before: 90.9 MB.
System memory in use after: 91.0 MB.

Unloading 14 unused Assets to reduce memory usage. Loaded Objects now: 2000.
Total: 8.731500 ms (FindLiveObjects: 0.441600 ms CreateObjectMapping: 0.118200 ms MarkObjects: 8.083500 ms  DeleteObjects: 0.084400 ms)

AssetImportParameters requested are different than current active one (requested -> active):
  custom:framework-win-MediaFoundation: 216162199b28c13a410421893ffa2e32 -> 
  custom:video-decoder-ogg-theora: a1e56fd34408186e4bbccfd4996cb3dc -> 
  custom:container-muxer-webm: aa71ff27fc2769a1b78a27578f13a17b -> 
  custom:container-demuxer-webm: 4f35f7cbe854078d1ac9338744f61a02 -> 
  custom:container-demuxer-ogg: 62fdf1f143b41e24485cea50d1cbac27 -> 
  custom:video-encoder-webm-vp8: eb34c28f22e8b96e1ab97ce403110664 -> 
  custom:video-decoder-webm-vp8: 9c59270c3fd7afecdb556c50c9e8de78 -> 
  custom:audio-decoder-ogg-vorbis: bf7c407c2cedff20999df2af8eb42d56 -> 
  custom:audio-encoder-webm-vorbis: bf7c407c2cedff20999df2af8eb42d56 -> 
========================================================================
Received Prepare
Registering precompiled user dll's ...
Registered in 0.023548 seconds.
Begin MonoManager ReloadAssembly
Native extension for WindowsStandalone target not found
Refreshing native plugins compatible for Editor in 0.88 ms, found 2 plugins.
Preloading 0 native plugins for Editor in 0.00 ms.
Mono: successfully reloaded assembly
- Completed reload, in  4.496 seconds
Domain Reload Profiling:
	ReloadAssembly (4497ms)
		BeginReloadAssembly (392ms)
			ExecutionOrderSort (0ms)
			DisableScriptedObjects (14ms)
			BackupInstance (0ms)
			ReleaseScriptingObjects (0ms)
			CreateAndSetChildDomain (112ms)
		EndReloadAssembly (3823ms)
			LoadAssemblies (393ms)
			RebuildTransferFunctionScriptingTraits (0ms)
			SetupTypeCache (1475ms)
			ReleaseScriptCaches (3ms)
			RebuildScriptCaches (194ms)
			SetupLoadedEditorAssemblies (1363ms)
				LogAssemblyErrors (0ms)
				InitializePlatformSupportModulesInManaged (14ms)
				SetLoadedEditorAssemblies (1ms)
				RefreshPlugins (1ms)
				BeforeProcessingInitializeOnLoad (286ms)
				ProcessInitializeOnLoadAttributes (1001ms)
				ProcessInitializeOnLoadMethodAttributes (51ms)
				AfterProcessingInitializeOnLoad (8ms)
				EditorAssembliesLoaded (1ms)
			ExecutionOrderSort2 (0ms)
			AwakeInstancesAfterBackupRestoration (35ms)
Platform modules already initialized, skipping
Refreshing native plugins compatible for Editor in 1.29 ms, found 2 plugins.
Preloading 0 native plugins for Editor in 0.00 ms.
Unloading 1496 Unused Serialized files (Serialized files now loaded: 0)
System memory in use before: 90.9 MB.
System memory in use after: 91.0 MB.

Unloading 14 unused Assets to reduce memory usage. Loaded Objects now: 2002.
Total: 9.066300 ms (FindLiveObjects: 0.600900 ms CreateObjectMapping: 0.206300 ms MarkObjects: 8.198000 ms  DeleteObjects: 0.057100 ms)

AssetImportParameters requested are different than current active one (requested -> active):
  custom:framework-win-MediaFoundation: 216162199b28c13a410421893ffa2e32 -> 
  custom:video-decoder-ogg-theora: a1e56fd34408186e4bbccfd4996cb3dc -> 
  custom:container-muxer-webm: aa71ff27fc2769a1b78a27578f13a17b -> 
  custom:container-demuxer-webm: 4f35f7cbe854078d1ac9338744f61a02 -> 
  custom:container-demuxer-ogg: 62fdf1f143b41e24485cea50d1cbac27 -> 
  custom:video-encoder-webm-vp8: eb34c28f22e8b96e1ab97ce403110664 -> 
  custom:video-decoder-webm-vp8: 9c59270c3fd7afecdb556c50c9e8de78 -> 
  custom:audio-decoder-ogg-vorbis: bf7c407c2cedff20999df2af8eb42d56 -> 
  custom:audio-encoder-webm-vorbis: bf7c407c2cedff20999df2af8eb42d56 -> 
AssetImportWorkerClient::OnTransportError - code=2 error=End of file
