Using pre-set license
Built from '2020.3/staging' branch; Version is '2020.3.21f1 (a38c86f6690f) revision 10718342'; Using compiler version '192528614'; Build Type 'Release'
OS: 'Windows 10 Pro; OS build 19044.1826; Version 2009; 64bit' Language: 'en' Physical Memory: 16268 MB
BatchMode: 1, IsHumanControllingUs: 0, StartBugReporterOnCrash: 0, Is64bit: 1, IsPro: 0

COMMAND LINE ARGUMENTS:
C:\Program Files\Unity\Hub\Editor\2020.3.21f1\Editor\Unity.exe
-adb2
-batchMode
-noUpm
-name
AssetImportWorker0
-projectPath
C:/Unity Projects/P2M-2022-Unity
-logFile
Logs/AssetImportWorker0.log
-srvPort
58704
Successfully changed project path to: C:/Unity Projects/P2M-2022-Unity
C:/Unity Projects/P2M-2022-Unity
Using Asset Import Pipeline V2.
Refreshing native plugins compatible for Editor in 97.06 ms, found 2 plugins.
Preloading 0 native plugins for Editor in 0.00 ms.
Initialize engine version: 2020.3.21f1 (a38c86f6690f)
[Subsystems] Discovering subsystems at path C:/Program Files/Unity/Hub/Editor/2020.3.21f1/Editor/Data/Resources/UnitySubsystems
[Subsystems] Discovering subsystems at path C:/Unity Projects/P2M-2022-Unity/Assets
GfxDevice: creating device client; threaded=0
Direct3D:
    Version:  Direct3D 11.0 [level 11.1]
    Renderer: NVIDIA GeForce GTX 1050 (ID=0x1c8d)
    Vendor:   
    VRAM:     4021 MB
    Driver:   31.0.15.1659
Initialize mono
Mono path[0] = 'C:/Program Files/Unity/Hub/Editor/2020.3.21f1/Editor/Data/Managed'
Mono path[1] = 'C:/Program Files/Unity/Hub/Editor/2020.3.21f1/Editor/Data/MonoBleedingEdge/lib/mono/unityjit'
Mono config path = 'C:/Program Files/Unity/Hub/Editor/2020.3.21f1/Editor/Data/MonoBleedingEdge/etc'
Using monoOptions --debugger-agent=transport=dt_socket,embedding=1,server=y,suspend=n,address=127.0.0.1:56880
Begin MonoManager ReloadAssembly
Registering precompiled unity dll's ...
Register platform support module: C:/Program Files/Unity/Hub/Editor/2020.3.21f1/Editor/Data/PlaybackEngines/WindowsStandaloneSupport/UnityEditor.WindowsStandalone.Extensions.dll
Registered in 0.005154 seconds.
Native extension for WindowsStandalone target not found
Refreshing native plugins compatible for Editor in 57.08 ms, found 2 plugins.
Preloading 0 native plugins for Editor in 0.00 ms.
Mono: successfully reloaded assembly
- Completed reload, in  2.478 seconds
Domain Reload Profiling:
	ReloadAssembly (2478ms)
		BeginReloadAssembly (100ms)
			ExecutionOrderSort (0ms)
			DisableScriptedObjects (0ms)
			BackupInstance (0ms)
			ReleaseScriptingObjects (0ms)
			CreateAndSetChildDomain (1ms)
		EndReloadAssembly (928ms)
			LoadAssemblies (93ms)
			RebuildTransferFunctionScriptingTraits (0ms)
			SetupTypeCache (352ms)
			ReleaseScriptCaches (0ms)
			RebuildScriptCaches (58ms)
			SetupLoadedEditorAssemblies (332ms)
				LogAssemblyErrors (0ms)
				InitializePlatformSupportModulesInManaged (7ms)
				SetLoadedEditorAssemblies (0ms)
				RefreshPlugins (57ms)
				BeforeProcessingInitializeOnLoad (33ms)
				ProcessInitializeOnLoadAttributes (159ms)
				ProcessInitializeOnLoadMethodAttributes (74ms)
				AfterProcessingInitializeOnLoad (0ms)
				EditorAssembliesLoaded (0ms)
			ExecutionOrderSort2 (0ms)
			AwakeInstancesAfterBackupRestoration (0ms)
Platform modules already initialized, skipping
Registering precompiled user dll's ...
Registered in 0.018140 seconds.
Begin MonoManager ReloadAssembly
Native extension for WindowsStandalone target not found
Refreshing native plugins compatible for Editor in 0.48 ms, found 2 plugins.
Preloading 0 native plugins for Editor in 0.00 ms.
Mono: successfully reloaded assembly
- Completed reload, in  1.905 seconds
Domain Reload Profiling:
	ReloadAssembly (1906ms)
		BeginReloadAssembly (331ms)
			ExecutionOrderSort (0ms)
			DisableScriptedObjects (8ms)
			BackupInstance (0ms)
			ReleaseScriptingObjects (0ms)
			CreateAndSetChildDomain (48ms)
		EndReloadAssembly (1455ms)
			LoadAssemblies (190ms)
			RebuildTransferFunctionScriptingTraits (0ms)
			SetupTypeCache (543ms)
			ReleaseScriptCaches (0ms)
			RebuildScriptCaches (78ms)
			SetupLoadedEditorAssemblies (522ms)
				LogAssemblyErrors (0ms)
				InitializePlatformSupportModulesInManaged (9ms)
				SetLoadedEditorAssemblies (1ms)
				RefreshPlugins (1ms)
				BeforeProcessingInitializeOnLoad (156ms)
				ProcessInitializeOnLoadAttributes (316ms)
				ProcessInitializeOnLoadMethodAttributes (17ms)
				AfterProcessingInitializeOnLoad (23ms)
				EditorAssembliesLoaded (0ms)
			ExecutionOrderSort2 (0ms)
			AwakeInstancesAfterBackupRestoration (10ms)
Platform modules already initialized, skipping
========================================================================
Worker process is ready to serve import requests
Launched and connected shader compiler UnityShaderCompiler.exe after 0.15 seconds
Refreshing native plugins compatible for Editor in 0.55 ms, found 2 plugins.
Preloading 0 native plugins for Editor in 0.00 ms.
Unloading 1511 Unused Serialized files (Serialized files now loaded: 0)
System memory in use before: 83.3 MB.
System memory in use after: 83.3 MB.

Unloading 19 unused Assets to reduce memory usage. Loaded Objects now: 1964.
Total: 5.064300 ms (FindLiveObjects: 0.184900 ms CreateObjectMapping: 0.166200 ms MarkObjects: 4.584100 ms  DeleteObjects: 0.127100 ms)

AssetImportParameters requested are different than current active one (requested -> active):
  custom:framework-win-MediaFoundation: 216162199b28c13a410421893ffa2e32 -> 
  custom:video-decoder-ogg-theora: a1e56fd34408186e4bbccfd4996cb3dc -> 
  custom:container-muxer-webm: aa71ff27fc2769a1b78a27578f13a17b -> 
  custom:container-demuxer-webm: 4f35f7cbe854078d1ac9338744f61a02 -> 
  custom:container-demuxer-ogg: 62fdf1f143b41e24485cea50d1cbac27 -> 
  custom:video-encoder-webm-vp8: eb34c28f22e8b96e1ab97ce403110664 -> 
  custom:video-decoder-webm-vp8: 9c59270c3fd7afecdb556c50c9e8de78 -> 
  custom:audio-decoder-ogg-vorbis: bf7c407c2cedff20999df2af8eb42d56 -> 
  custom:audio-encoder-webm-vorbis: bf7c407c2cedff20999df2af8eb42d56 -> 
========================================================================
Received Import Request.
  path: Assets/Scenes/DevScene.unity
  artifactKey: Guid(b52cea4f5572f1349a79248ac7f36bbb) Importer(815301076,1909f56bfc062723c751e8b465ee728b)
Start importing Assets/Scenes/DevScene.unity using Guid(b52cea4f5572f1349a79248ac7f36bbb) Importer(815301076,1909f56bfc062723c751e8b465ee728b)  -> (artifact id: 'c2cd690480aaa3b3b7fe4d4572069209') in 0.022137 seconds 
  Import took 0.026769 seconds .

========================================================================
Received Import Request.
  Time since last request: 0.000206 seconds.
  path: Assets/Game UI + Cursor
  artifactKey: Guid(2763c2675195789449039da2a400ffe4) Importer(815301076,1909f56bfc062723c751e8b465ee728b)
Start importing Assets/Game UI + Cursor using Guid(2763c2675195789449039da2a400ffe4) Importer(815301076,1909f56bfc062723c751e8b465ee728b)  -> (artifact id: '6f875e044440ac902aa46642cf3c9185') in 0.007539 seconds 
  Import took 0.011372 seconds .

========================================================================
Received Import Request.
  Time since last request: 0.000220 seconds.
  path: Assets/Scenes/MainScene.unity
  artifactKey: Guid(698ce6388fc15c04ea48777f2b54ed35) Importer(815301076,1909f56bfc062723c751e8b465ee728b)
Start importing Assets/Scenes/MainScene.unity using Guid(698ce6388fc15c04ea48777f2b54ed35) Importer(815301076,1909f56bfc062723c751e8b465ee728b)  -> (artifact id: '240d7b074bfbc347545e084065e8c362') in 0.006196 seconds 
  Import took 0.009687 seconds .

========================================================================
Received Import Request.
  Time since last request: 0.000226 seconds.
  path: Assets/Game UI + Cursor/Eco city.png
  artifactKey: Guid(72c059811780bd945931e6d2fc6dd16f) Importer(815301076,1909f56bfc062723c751e8b465ee728b)
Start importing Assets/Game UI + Cursor/Eco city.png using Guid(72c059811780bd945931e6d2fc6dd16f) Importer(815301076,1909f56bfc062723c751e8b465ee728b)  -> (artifact id: 'a86fd7d06cfd82ce4b2bf3f8d8056400') in 0.176606 seconds 
  Import took 0.180998 seconds .

========================================================================
Received Import Request.
  Time since last request: 14.205214 seconds.
  path: Assets/Terrains/Coastal_v3.fbx
  artifactKey: Guid(6b1d8f751105abe469fcc9a74716129c) Importer(815301076,1909f56bfc062723c751e8b465ee728b)
Start importing Assets/Terrains/Coastal_v3.fbx using Guid(6b1d8f751105abe469fcc9a74716129c) Importer(815301076,1909f56bfc062723c751e8b465ee728b)  -> (artifact id: 'e7b612cc00df1dffb50451fda9e6d49b') in 0.170267 seconds 
  Import took 0.174137 seconds .

========================================================================
Received Import Request.
  Time since last request: 2.729248 seconds.
  path: Assets/Scripts/Status.cs
  artifactKey: Guid(82747bdb0421c5b42b03f34958739d84) Importer(815301076,1909f56bfc062723c751e8b465ee728b)
Start importing Assets/Scripts/Status.cs using Guid(82747bdb0421c5b42b03f34958739d84) Importer(815301076,1909f56bfc062723c751e8b465ee728b)  -> (artifact id: 'd1204be7d8f90bae22337229c7c640f3') in 0.011074 seconds 
  Import took 0.014724 seconds .

========================================================================
Received Import Request.
  Time since last request: 5.410338 seconds.
  path: Assets/Scripts/SoundEffects.cs
  artifactKey: Guid(2f3e02df4ea1ade49b21fed51c749e0e) Importer(815301076,1909f56bfc062723c751e8b465ee728b)
Start importing Assets/Scripts/SoundEffects.cs using Guid(2f3e02df4ea1ade49b21fed51c749e0e) Importer(815301076,1909f56bfc062723c751e8b465ee728b)  -> (artifact id: '6334f03fdd8060e979557472de41f3b2') in 0.007513 seconds 
  Import took 0.011113 seconds .

========================================================================
Received Import Request.
  Time since last request: 0.337583 seconds.
  path: Assets/Scripts/SkipTurnButton.cs
  artifactKey: Guid(5d1f1d1fc9d390b42a7b681e591ce3f3) Importer(815301076,1909f56bfc062723c751e8b465ee728b)
Start importing Assets/Scripts/SkipTurnButton.cs using Guid(5d1f1d1fc9d390b42a7b681e591ce3f3) Importer(815301076,1909f56bfc062723c751e8b465ee728b)  -> (artifact id: '09467549349cd8e8a9f1da975dfda65f') in 0.007803 seconds 
  Import took 0.011215 seconds .

========================================================================
Received Import Request.
  Time since last request: 0.326336 seconds.
  path: Assets/Scripts/SaveButton.cs
  artifactKey: Guid(2c6e1bdf838708f468c533d05fe4821a) Importer(815301076,1909f56bfc062723c751e8b465ee728b)
Start importing Assets/Scripts/SaveButton.cs using Guid(2c6e1bdf838708f468c533d05fe4821a) Importer(815301076,1909f56bfc062723c751e8b465ee728b)  -> (artifact id: 'b60a088dc3245018201930ae018e90fa') in 0.007370 seconds 
  Import took 0.010691 seconds .

========================================================================
Received Import Request.
  Time since last request: 0.374827 seconds.
  path: Assets/Scripts/PauseHandler.cs
  artifactKey: Guid(82a83dae1cc5a354f9cf6adbf279c57f) Importer(815301076,1909f56bfc062723c751e8b465ee728b)
Start importing Assets/Scripts/PauseHandler.cs using Guid(82a83dae1cc5a354f9cf6adbf279c57f) Importer(815301076,1909f56bfc062723c751e8b465ee728b)  -> (artifact id: 'd0b85f816308eaa5b9726209f9934d31') in 0.008953 seconds 
  Import took 0.013917 seconds .

========================================================================
Received Import Request.
  Time since last request: 0.364636 seconds.
  path: Assets/Scripts/MenuButton.cs
  artifactKey: Guid(4e3eab5342f19164e8a103407259225e) Importer(815301076,1909f56bfc062723c751e8b465ee728b)
Start importing Assets/Scripts/MenuButton.cs using Guid(4e3eab5342f19164e8a103407259225e) Importer(815301076,1909f56bfc062723c751e8b465ee728b)  -> (artifact id: 'b1e2495c254fdfaa58168210f2675d3a') in 0.010417 seconds 
  Import took 0.013649 seconds .

========================================================================
Received Import Request.
  Time since last request: 0.483607 seconds.
  path: Assets/Scripts/GameSavedHandler.cs
  artifactKey: Guid(92659db69487de04b95d11d91e28d7e4) Importer(815301076,1909f56bfc062723c751e8b465ee728b)
Start importing Assets/Scripts/GameSavedHandler.cs using Guid(92659db69487de04b95d11d91e28d7e4) Importer(815301076,1909f56bfc062723c751e8b465ee728b)  -> (artifact id: '87251610bd6104503cd22faeec6d29d4') in 0.007644 seconds 
  Import took 0.010996 seconds .

========================================================================
Received Import Request.
  Time since last request: 3.085296 seconds.
  path: Assets/Scripts/Policy/PolicyAcceptButton.cs
  artifactKey: Guid(659eda08bd4f501418a1b2f85e375da7) Importer(815301076,1909f56bfc062723c751e8b465ee728b)
Start importing Assets/Scripts/Policy/PolicyAcceptButton.cs using Guid(659eda08bd4f501418a1b2f85e375da7) Importer(815301076,1909f56bfc062723c751e8b465ee728b)  -> (artifact id: '264c58a733c70bd69668230a9848c241') in 0.007787 seconds 
  Import took 0.011217 seconds .

========================================================================
Received Import Request.
  Time since last request: 0.926889 seconds.
  path: Assets/Scripts/Policy/PolicyRejectButton.cs
  artifactKey: Guid(6c5bf7fad3dee7e4d8fff1301c407699) Importer(815301076,1909f56bfc062723c751e8b465ee728b)
Start importing Assets/Scripts/Policy/PolicyRejectButton.cs using Guid(6c5bf7fad3dee7e4d8fff1301c407699) Importer(815301076,1909f56bfc062723c751e8b465ee728b)  -> (artifact id: '2647f21a2e3883b5341119fb9122e574') in 0.008220 seconds 
  Import took 0.011265 seconds .

========================================================================
Received Import Request.
  Time since last request: 0.757358 seconds.
  path: Assets/Scripts/Policy/PolicyDetail.cs
  artifactKey: Guid(02317576f05117f428fedad9817033f7) Importer(815301076,1909f56bfc062723c751e8b465ee728b)
Start importing Assets/Scripts/Policy/PolicyDetail.cs using Guid(02317576f05117f428fedad9817033f7) Importer(815301076,1909f56bfc062723c751e8b465ee728b)  -> (artifact id: 'b653fb5abd5a616474da255437d010d5') in 0.008008 seconds 
  Import took 0.011237 seconds .

========================================================================
Received Import Request.
  Time since last request: 0.479534 seconds.
  path: Assets/Scripts/Policy/PolicyCloseButton.cs
  artifactKey: Guid(3bad34b5cb9f1584cb545f616fd3870b) Importer(815301076,1909f56bfc062723c751e8b465ee728b)
Start importing Assets/Scripts/Policy/PolicyCloseButton.cs using Guid(3bad34b5cb9f1584cb545f616fd3870b) Importer(815301076,1909f56bfc062723c751e8b465ee728b)  -> (artifact id: 'fd7425f123ddac4949f46c12f7123e95') in 0.018967 seconds 
  Import took 0.023011 seconds .

========================================================================
Received Import Request.
  Time since last request: 2062.847955 seconds.
  path: Assets/Materials/Bank_Texture.png
  artifactKey: Guid(733714c889a71bd4fb66266f1f37515b) Importer(815301076,1909f56bfc062723c751e8b465ee728b)
Start importing Assets/Materials/Bank_Texture.png using Guid(733714c889a71bd4fb66266f1f37515b) Importer(815301076,1909f56bfc062723c751e8b465ee728b)  -> (artifact id: '7c21a612900f4a26e34bb4be80abb84f') in 0.029947 seconds 
  Import took 0.034070 seconds .

========================================================================
Received Import Request.
  Time since last request: 0.000302 seconds.
  path: Assets/Materials/GovernmentOffice Base Color.png
  artifactKey: Guid(4372f1ab7c7719042ab287dc0d6af1d6) Importer(815301076,1909f56bfc062723c751e8b465ee728b)
Start importing Assets/Materials/GovernmentOffice Base Color.png using Guid(4372f1ab7c7719042ab287dc0d6af1d6) Importer(815301076,1909f56bfc062723c751e8b465ee728b)  -> (artifact id: 'b8b8e1d6e593e970c17ece78b6418c3a') in 0.019917 seconds 
  Import took 0.023542 seconds .

========================================================================
Received Import Request.
  Time since last request: 0.000293 seconds.
  path: Assets/Materials/GroundMaterials.png
  artifactKey: Guid(08ac4c0f038e56b4486b3f2fcc1a35a8) Importer(815301076,1909f56bfc062723c751e8b465ee728b)
Start importing Assets/Materials/GroundMaterials.png using Guid(08ac4c0f038e56b4486b3f2fcc1a35a8) Importer(815301076,1909f56bfc062723c751e8b465ee728b)  -> (artifact id: '9ae21917acd8aa64219b94e9770da261') in 0.018480 seconds 
  Import took 0.022638 seconds .

========================================================================
Received Import Request.
  Time since last request: 0.000303 seconds.
  path: Assets/Materials/Coastal_TextureProcedural2.png
  artifactKey: Guid(5455d4793e28341439f3ec838514ae36) Importer(815301076,1909f56bfc062723c751e8b465ee728b)
Start importing Assets/Materials/Coastal_TextureProcedural2.png using Guid(5455d4793e28341439f3ec838514ae36) Importer(815301076,1909f56bfc062723c751e8b465ee728b)  -> (artifact id: 'fa7abdd74a9aa0d75e6b1d6c860226aa') in 0.026831 seconds 
  Import took 0.033380 seconds .

========================================================================
Received Import Request.
  Time since last request: 0.000318 seconds.
  path: Assets/Materials/Lighthouse.png
  artifactKey: Guid(43f23799b1655eb4bb97ceb094cc9d8d) Importer(815301076,1909f56bfc062723c751e8b465ee728b)
Start importing Assets/Materials/Lighthouse.png using Guid(43f23799b1655eb4bb97ceb094cc9d8d) Importer(815301076,1909f56bfc062723c751e8b465ee728b)  -> (artifact id: '6c48504a3ed1507355d7e73ab24e0ba8') in 0.018945 seconds 
  Import took 0.022010 seconds .

========================================================================
Received Import Request.
  Time since last request: 0.000276 seconds.
  path: Assets/Materials/Skyscraper 2_Texture.png
  artifactKey: Guid(cd5e2703dfeae1e47a7764bcb517eb8d) Importer(815301076,1909f56bfc062723c751e8b465ee728b)
Start importing Assets/Materials/Skyscraper 2_Texture.png using Guid(cd5e2703dfeae1e47a7764bcb517eb8d) Importer(815301076,1909f56bfc062723c751e8b465ee728b)  -> (artifact id: 'b40a1d7e8c9987d96336aba16b03055e') in 0.016290 seconds 
  Import took 0.019505 seconds .

========================================================================
Received Import Request.
  Time since last request: 0.000220 seconds.
  path: Assets/Materials/FarmB Base Color.png
  artifactKey: Guid(e6b3d5c58c9d30b43b17a834fddeb408) Importer(815301076,1909f56bfc062723c751e8b465ee728b)
Start importing Assets/Materials/FarmB Base Color.png using Guid(e6b3d5c58c9d30b43b17a834fddeb408) Importer(815301076,1909f56bfc062723c751e8b465ee728b)  -> (artifact id: 'bee174b2a840e772bb80940a90bb5c23') in 0.019540 seconds 
  Import took 0.022826 seconds .

========================================================================
Received Import Request.
  Time since last request: 0.000479 seconds.
  path: Assets/Materials/Park_Foliage Base Color.png
  artifactKey: Guid(60684089662154348aa07195acfe34ce) Importer(815301076,1909f56bfc062723c751e8b465ee728b)
Start importing Assets/Materials/Park_Foliage Base Color.png using Guid(60684089662154348aa07195acfe34ce) Importer(815301076,1909f56bfc062723c751e8b465ee728b)  -> (artifact id: '0fdc001f602156160d9f686098518f6a') in 0.016531 seconds 
  Import took 0.019889 seconds .

========================================================================
Received Import Request.
  Time since last request: 0.000296 seconds.
  path: Assets/Materials/FactoryB Base Color.png
  artifactKey: Guid(8c56ec6eeb102b549888a59c6f1eafbc) Importer(815301076,1909f56bfc062723c751e8b465ee728b)
Start importing Assets/Materials/FactoryB Base Color.png using Guid(8c56ec6eeb102b549888a59c6f1eafbc) Importer(815301076,1909f56bfc062723c751e8b465ee728b)  -> (artifact id: 'be5f892e5734eb30d8b9d16f03727d89') in 0.018378 seconds 
  Import took 0.021327 seconds .

========================================================================
Received Import Request.
  Time since last request: 0.000358 seconds.
  path: Assets/Materials/RoadStraight_Texture.png
  artifactKey: Guid(c5fb4bb8b3977c743989f46dafd19627) Importer(815301076,1909f56bfc062723c751e8b465ee728b)
Start importing Assets/Materials/RoadStraight_Texture.png using Guid(c5fb4bb8b3977c743989f46dafd19627) Importer(815301076,1909f56bfc062723c751e8b465ee728b)  -> (artifact id: '7929c1fcc7d91617b31b9749a836f5af') in 0.022234 seconds 
  Import took 0.025716 seconds .

========================================================================
Received Import Request.
  Time since last request: 0.000328 seconds.
  path: Assets/Materials/Park Base Color.png
  artifactKey: Guid(64cdb4ec22dabf04d9391c335c317171) Importer(815301076,1909f56bfc062723c751e8b465ee728b)
Start importing Assets/Materials/Park Base Color.png using Guid(64cdb4ec22dabf04d9391c335c317171) Importer(815301076,1909f56bfc062723c751e8b465ee728b)  -> (artifact id: 'fe30a3f92a20f6adb04b0c81be7e37e6') in 0.014215 seconds 
  Import took 0.017254 seconds .

========================================================================
Received Import Request.
  Time since last request: 0.000240 seconds.
  path: Assets/Materials/FarmA Base Color.png
  artifactKey: Guid(df890eebf053cff46b11ce91841df66d) Importer(815301076,1909f56bfc062723c751e8b465ee728b)
Start importing Assets/Materials/FarmA Base Color.png using Guid(df890eebf053cff46b11ce91841df66d) Importer(815301076,1909f56bfc062723c751e8b465ee728b)  -> (artifact id: '79ab77fde1a64f8cd70b572a800d63a3') in 0.017787 seconds 
  Import took 0.020643 seconds .

========================================================================
Received Import Request.
  Time since last request: 0.000188 seconds.
  path: Assets/Materials/RoadCross_Texture.png
  artifactKey: Guid(7a07999642bbcdc4c84e92de42604f3a) Importer(815301076,1909f56bfc062723c751e8b465ee728b)
Start importing Assets/Materials/RoadCross_Texture.png using Guid(7a07999642bbcdc4c84e92de42604f3a) Importer(815301076,1909f56bfc062723c751e8b465ee728b)  -> (artifact id: '1a54efb4c494c75468a9d91de2fbdc53') in 0.016405 seconds 
  Import took 0.020691 seconds .

========================================================================
Received Import Request.
  Time since last request: 0.000249 seconds.
  path: Assets/Materials/Single Turbine.png
  artifactKey: Guid(7303c1bf92d1d374c80eb99d2e0b41ab) Importer(815301076,1909f56bfc062723c751e8b465ee728b)
Start importing Assets/Materials/Single Turbine.png using Guid(7303c1bf92d1d374c80eb99d2e0b41ab) Importer(815301076,1909f56bfc062723c751e8b465ee728b)  -> (artifact id: '445fb18d36a59c8a185b5c456203ea22') in 0.014369 seconds 
  Import took 0.018156 seconds .

========================================================================
Received Import Request.
  Time since last request: 0.000076 seconds.
  path: Assets/Materials/RoadTurn_Texture.png
  artifactKey: Guid(8b7d7f3d63dbcab4d9774f750fe22507) Importer(815301076,1909f56bfc062723c751e8b465ee728b)
Start importing Assets/Materials/RoadTurn_Texture.png using Guid(8b7d7f3d63dbcab4d9774f750fe22507) Importer(815301076,1909f56bfc062723c751e8b465ee728b)  -> (artifact id: '47aa6b70515287645202c499c1d1359b') in 0.018999 seconds 
  Import took 0.022528 seconds .

========================================================================
Received Import Request.
  Time since last request: 0.000264 seconds.
  path: Assets/Materials/RoadTJunction_Texture.png
  artifactKey: Guid(908ebe307666d654293e784235dd5c1b) Importer(815301076,1909f56bfc062723c751e8b465ee728b)
Start importing Assets/Materials/RoadTJunction_Texture.png using Guid(908ebe307666d654293e784235dd5c1b) Importer(815301076,1909f56bfc062723c751e8b465ee728b)  -> (artifact id: '1b0d2a3185258489fd4b47010e1c1d21') in 0.017952 seconds 
  Import took 0.021237 seconds .

========================================================================
Received Import Request.
  Time since last request: 0.000374 seconds.
  path: Assets/Materials/Turbine_Texture.png
  artifactKey: Guid(e88f5c6fe4e265f4a913d8157e597092) Importer(815301076,1909f56bfc062723c751e8b465ee728b)
Start importing Assets/Materials/Turbine_Texture.png using Guid(e88f5c6fe4e265f4a913d8157e597092) Importer(815301076,1909f56bfc062723c751e8b465ee728b)  -> (artifact id: '0839dc9ac8686d568741663918ff26d5') in 0.014842 seconds 
  Import took 0.018146 seconds .

========================================================================
Received Import Request.
  Time since last request: 0.000210 seconds.
  path: Assets/Materials/Powerplant Base Color_Darker.png
  artifactKey: Guid(f8c69796809807647a8b59918e46b45c) Importer(815301076,1909f56bfc062723c751e8b465ee728b)
Start importing Assets/Materials/Powerplant Base Color_Darker.png using Guid(f8c69796809807647a8b59918e46b45c) Importer(815301076,1909f56bfc062723c751e8b465ee728b)  -> (artifact id: 'fa67ce6fcfabfcf68117e3ee8fd453e5') in 0.016942 seconds 
  Import took 0.020245 seconds .

========================================================================
Received Import Request.
  Time since last request: 0.000210 seconds.
  path: Assets/Materials/Skyscraper 3_Texture.png
  artifactKey: Guid(6578d4d62e5ce8a4ea7ac24e17e1fd36) Importer(815301076,1909f56bfc062723c751e8b465ee728b)
Start importing Assets/Materials/Skyscraper 3_Texture.png using Guid(6578d4d62e5ce8a4ea7ac24e17e1fd36) Importer(815301076,1909f56bfc062723c751e8b465ee728b)  -> (artifact id: 'ebd592a7410df25b834eb0a41dc87377') in 0.015361 seconds 
  Import took 0.018777 seconds .

========================================================================
Received Import Request.
  Time since last request: 0.000296 seconds.
  path: Assets/Materials/Skyscraper 1_Texture.png
  artifactKey: Guid(18f152d88da2ccd4cb8d0acdabf4aefe) Importer(815301076,1909f56bfc062723c751e8b465ee728b)
Start importing Assets/Materials/Skyscraper 1_Texture.png using Guid(18f152d88da2ccd4cb8d0acdabf4aefe) Importer(815301076,1909f56bfc062723c751e8b465ee728b)  -> (artifact id: 'a7820d7a81306345e37e45d251f1743e') in 0.023729 seconds 
  Import took 0.031643 seconds .

========================================================================
Received Import Request.
  Time since last request: 0.000302 seconds.
  path: Assets/Materials/FactoryA Base Color.png
  artifactKey: Guid(9ef417b8cda044e4ba08cc4f13ef051f) Importer(815301076,1909f56bfc062723c751e8b465ee728b)
Start importing Assets/Materials/FactoryA Base Color.png using Guid(9ef417b8cda044e4ba08cc4f13ef051f) Importer(815301076,1909f56bfc062723c751e8b465ee728b)  -> (artifact id: 'c6aed656809a563bb246c6f8611dbcb2') in 0.018504 seconds 
  Import took 0.021939 seconds .

========================================================================
Received Import Request.
  Time since last request: 0.000205 seconds.
  path: Assets/Materials/Lighthouse (Pharos of Alexandria)_Texture.png
  artifactKey: Guid(e7f5cf4b05b10424e95a43d47c8a4fde) Importer(815301076,1909f56bfc062723c751e8b465ee728b)
Start importing Assets/Materials/Lighthouse (Pharos of Alexandria)_Texture.png using Guid(e7f5cf4b05b10424e95a43d47c8a4fde) Importer(815301076,1909f56bfc062723c751e8b465ee728b)  -> (artifact id: '1b08e51051f2819407dd8debd328e524') in 0.017412 seconds 
  Import took 0.020840 seconds .

========================================================================
Received Prepare
Registering precompiled user dll's ...
Registered in 0.037950 seconds.
Begin MonoManager ReloadAssembly
Native extension for WindowsStandalone target not found
Refreshing native plugins compatible for Editor in 0.89 ms, found 2 plugins.
Preloading 0 native plugins for Editor in 0.00 ms.
Mono: successfully reloaded assembly
- Completed reload, in  6.090 seconds
Domain Reload Profiling:
	ReloadAssembly (6093ms)
		BeginReloadAssembly (735ms)
			ExecutionOrderSort (0ms)
			DisableScriptedObjects (31ms)
			BackupInstance (0ms)
			ReleaseScriptingObjects (5ms)
			CreateAndSetChildDomain (161ms)
		EndReloadAssembly (4855ms)
			LoadAssemblies (734ms)
			RebuildTransferFunctionScriptingTraits (0ms)
			SetupTypeCache (2125ms)
			ReleaseScriptCaches (2ms)
			RebuildScriptCaches (185ms)
			SetupLoadedEditorAssemblies (1508ms)
				LogAssemblyErrors (0ms)
				InitializePlatformSupportModulesInManaged (21ms)
				SetLoadedEditorAssemblies (2ms)
				RefreshPlugins (1ms)
				BeforeProcessingInitializeOnLoad (460ms)
				ProcessInitializeOnLoadAttributes (939ms)
				ProcessInitializeOnLoadMethodAttributes (36ms)
				AfterProcessingInitializeOnLoad (48ms)
				EditorAssembliesLoaded (1ms)
			ExecutionOrderSort2 (0ms)
			AwakeInstancesAfterBackupRestoration (31ms)
Platform modules already initialized, skipping
Refreshing native plugins compatible for Editor in 1.78 ms, found 2 plugins.
Preloading 0 native plugins for Editor in 0.00 ms.
Unloading 1504 Unused Serialized files (Serialized files now loaded: 0)
System memory in use before: 86.6 MB.
System memory in use after: 86.7 MB.

Unloading 14 unused Assets to reduce memory usage. Loaded Objects now: 2012.
Total: 14.683200 ms (FindLiveObjects: 0.404700 ms CreateObjectMapping: 0.173400 ms MarkObjects: 14.046100 ms  DeleteObjects: 0.054200 ms)

AssetImportParameters requested are different than current active one (requested -> active):
  custom:framework-win-MediaFoundation: 216162199b28c13a410421893ffa2e32 -> 
  custom:video-decoder-ogg-theora: a1e56fd34408186e4bbccfd4996cb3dc -> 
  custom:container-muxer-webm: aa71ff27fc2769a1b78a27578f13a17b -> 
  custom:container-demuxer-webm: 4f35f7cbe854078d1ac9338744f61a02 -> 
  custom:container-demuxer-ogg: 62fdf1f143b41e24485cea50d1cbac27 -> 
  custom:video-encoder-webm-vp8: eb34c28f22e8b96e1ab97ce403110664 -> 
  custom:video-decoder-webm-vp8: 9c59270c3fd7afecdb556c50c9e8de78 -> 
  custom:audio-decoder-ogg-vorbis: bf7c407c2cedff20999df2af8eb42d56 -> 
  custom:audio-encoder-webm-vorbis: bf7c407c2cedff20999df2af8eb42d56 -> 
AssetImportWorkerClient::OnTransportError - code=2 error=End of file
